{"C:\\Users\\Sakhare Sohan\\Desktop\\FundooNotes_Project\\fundooNotes\\src\\index.ts":{"path":"C:\\Users\\Sakhare Sohan\\Desktop\\FundooNotes_Project\\fundooNotes\\src\\index.ts","statementMap":{"0":{"start":{"line":2,"column":22},"end":{"line":4,"column":1}},"1":{"start":{"line":3,"column":4},"end":{"line":3,"column":62}},"2":{"start":{"line":5,"column":0},"end":{"line":5,"column":62}},"3":{"start":{"line":8,"column":15},"end":{"line":8,"column":41}},"4":{"start":{"line":9,"column":18},"end":{"line":9,"column":53}},"5":{"start":{"line":10,"column":15},"end":{"line":10,"column":47}},"6":{"start":{"line":11,"column":17},"end":{"line":11,"column":51}},"7":{"start":{"line":12,"column":24},"end":{"line":12,"column":65}},"8":{"start":{"line":13,"column":17},"end":{"line":13,"column":53}},"9":{"start":{"line":14,"column":27},"end":{"line":14,"column":85}},"10":{"start":{"line":15,"column":17},"end":{"line":15,"column":60}},"11":{"start":{"line":16,"column":17},"end":{"line":16,"column":51}},"12":{"start":{"line":18,"column":18},"end":{"line":18,"column":47}},"13":{"start":{"line":19,"column":24},"end":{"line":19,"column":60}},"14":{"start":{"line":22,"column":8},"end":{"line":22,"column":52}},"15":{"start":{"line":23,"column":8},"end":{"line":23,"column":46}},"16":{"start":{"line":24,"column":8},"end":{"line":24,"column":61}},"17":{"start":{"line":25,"column":8},"end":{"line":25,"column":44}},"18":{"start":{"line":26,"column":8},"end":{"line":26,"column":44}},"19":{"start":{"line":27,"column":8},"end":{"line":27,"column":48}},"20":{"start":{"line":28,"column":8},"end":{"line":28,"column":54}},"21":{"start":{"line":29,"column":8},"end":{"line":29,"column":37}},"22":{"start":{"line":30,"column":8},"end":{"line":30,"column":32}},"23":{"start":{"line":31,"column":8},"end":{"line":31,"column":39}},"24":{"start":{"line":32,"column":8},"end":{"line":32,"column":24}},"25":{"start":{"line":35,"column":8},"end":{"line":35,"column":44}},"26":{"start":{"line":36,"column":8},"end":{"line":36,"column":46}},"27":{"start":{"line":37,"column":8},"end":{"line":37,"column":71}},"28":{"start":{"line":38,"column":8},"end":{"line":38,"column":47}},"29":{"start":{"line":39,"column":8},"end":{"line":39,"column":84}},"30":{"start":{"line":40,"column":8},"end":{"line":40,"column":53}},"31":{"start":{"line":43,"column":8},"end":{"line":43,"column":74}},"32":{"start":{"line":44,"column":8},"end":{"line":44,"column":85}},"33":{"start":{"line":45,"column":8},"end":{"line":47,"column":11}},"34":{"start":{"line":46,"column":12},"end":{"line":46,"column":46}},"35":{"start":{"line":50,"column":8},"end":{"line":50,"column":56}},"36":{"start":{"line":51,"column":8},"end":{"line":51,"column":60}},"37":{"start":{"line":52,"column":8},"end":{"line":52,"column":49}},"38":{"start":{"line":55,"column":8},"end":{"line":57,"column":11}},"39":{"start":{"line":56,"column":12},"end":{"line":56,"column":101}},"40":{"start":{"line":60,"column":8},"end":{"line":60,"column":24}},"41":{"start":{"line":63,"column":12},"end":{"line":63,"column":21}},"42":{"start":{"line":64,"column":0},"end":{"line":64,"column":22}}},"fnMap":{"0":{"name":"(anonymous_0)","decl":{"start":{"line":2,"column":56},"end":{"line":2,"column":57}},"loc":{"start":{"line":2,"column":71},"end":{"line":4,"column":1}},"line":2},"1":{"name":"(anonymous_1)","decl":{"start":{"line":21,"column":4},"end":{"line":21,"column":5}},"loc":{"start":{"line":21,"column":18},"end":{"line":33,"column":5}},"line":21},"2":{"name":"(anonymous_2)","decl":{"start":{"line":34,"column":4},"end":{"line":34,"column":5}},"loc":{"start":{"line":34,"column":28},"end":{"line":41,"column":5}},"line":34},"3":{"name":"(anonymous_3)","decl":{"start":{"line":42,"column":4},"end":{"line":42,"column":5}},"loc":{"start":{"line":42,"column":23},"end":{"line":48,"column":5}},"line":42},"4":{"name":"(anonymous_4)","decl":{"start":{"line":45,"column":30},"end":{"line":45,"column":31}},"loc":{"start":{"line":45,"column":44},"end":{"line":47,"column":9}},"line":45},"5":{"name":"(anonymous_5)","decl":{"start":{"line":49,"column":4},"end":{"line":49,"column":5}},"loc":{"start":{"line":49,"column":30},"end":{"line":53,"column":5}},"line":49},"6":{"name":"(anonymous_6)","decl":{"start":{"line":54,"column":4},"end":{"line":54,"column":5}},"loc":{"start":{"line":54,"column":15},"end":{"line":58,"column":5}},"line":54},"7":{"name":"(anonymous_7)","decl":{"start":{"line":55,"column":35},"end":{"line":55,"column":36}},"loc":{"start":{"line":55,"column":41},"end":{"line":57,"column":9}},"line":55},"8":{"name":"(anonymous_8)","decl":{"start":{"line":59,"column":4},"end":{"line":59,"column":5}},"loc":{"start":{"line":59,"column":13},"end":{"line":61,"column":5}},"line":59}},"branchMap":{"0":{"loc":{"start":{"line":2,"column":22},"end":{"line":4,"column":1}},"type":"binary-expr","locations":[{"start":{"line":2,"column":23},"end":{"line":2,"column":27}},{"start":{"line":2,"column":31},"end":{"line":2,"column":51}},{"start":{"line":2,"column":56},"end":{"line":4,"column":1}}],"line":2},"1":{"loc":{"start":{"line":3,"column":11},"end":{"line":3,"column":61}},"type":"cond-expr","locations":[{"start":{"line":3,"column":37},"end":{"line":3,"column":40}},{"start":{"line":3,"column":43},"end":{"line":3,"column":61}}],"line":3},"2":{"loc":{"start":{"line":3,"column":12},"end":{"line":3,"column":33}},"type":"binary-expr","locations":[{"start":{"line":3,"column":12},"end":{"line":3,"column":15}},{"start":{"line":3,"column":19},"end":{"line":3,"column":33}}],"line":3}},"s":{"0":1,"1":8,"2":1,"3":1,"4":1,"5":1,"6":1,"7":1,"8":1,"9":1,"10":1,"11":1,"12":1,"13":1,"14":1,"15":1,"16":1,"17":1,"18":1,"19":1,"20":1,"21":1,"22":1,"23":1,"24":1,"25":1,"26":1,"27":1,"28":1,"29":1,"30":1,"31":1,"32":1,"33":1,"34":0,"35":1,"36":1,"37":1,"38":1,"39":1,"40":18,"41":1,"42":1},"f":{"0":8,"1":1,"2":1,"3":1,"4":0,"5":1,"6":1,"7":1,"8":18},"b":{"0":[1,1,1],"1":[3,5],"2":[8,8]},"inputSourceMap":{"version":3,"file":"C:/Users/Sakhare Sohan/Desktop/FundooNotes_Project/fundooNotes/src/index.ts","sources":["C:/Users/Sakhare Sohan/Desktop/FundooNotes_Project/fundooNotes/src/index.ts"],"names":[],"mappings":";;;;;AAAA,+BAA+B;AAC/B,mBAAmB;AACnB,MAAM,MAAM,GAAG,OAAO,CAAC,iBAAiB,CAAC,CAAC;AAE1C,sDAA+C;AAC/C,gDAAwB;AACxB,oDAA4B;AAC5B,kEAAyC;AAEzC,sDAA8B;AAC9B,sFAA0D;AAC1D,6DAAqC;AAErC,oDAA4B;AAE5B,SAAS;AACT,MAAM,SAAS,GAAG,OAAO,CAAC,oBAAoB,CAAC,CAAC;AAChD,MAAM,eAAe,GAAG,OAAO,CAAC,2BAA2B,CAAC,CAAC;AAE7D,MAAM,GAAG;IAUP;QAJQ,cAAS,GAAG,gBAAM,CAAC,SAAS,CAAC;QAC7B,WAAM,GAAG,gBAAM,CAAC,MAAM,CAAC;QACxB,iBAAY,GAAG,IAAI,0BAAY,EAAE,CAAC;QAGvC,IAAI,CAAC,GAAG,GAAG,IAAA,iBAAO,GAAE,CAAC;QACrB,IAAI,CAAC,IAAI,GAAG,MAAM,CAAC,WAAW,CAAC,IAAI,CAAC;QACpC,IAAI,CAAC,IAAI,GAAG,MAAM,CAAC,WAAW,CAAC,QAAQ,CAAC;QACxC,IAAI,CAAC,WAAW,GAAG,MAAM,CAAC,WAAW,CAAC,OAAO,CAAC;QAE9C,IAAI,CAAC,qBAAqB,EAAE,CAAC;QAC7B,IAAI,CAAC,gBAAgB,EAAE,CAAC;QACxB,IAAI,CAAC,uBAAuB,EAAE,CAAC;QAC/B,IAAI,CAAC,QAAQ,EAAE,CAAC;IAClB,CAAC;IAEM,qBAAqB;QAC1B,IAAI,CAAC,GAAG,CAAC,GAAG,CAAC,IAAA,cAAI,GAAE,CAAC,CAAC;QACrB,IAAI,CAAC,GAAG,CAAC,GAAG,CAAC,IAAA,gBAAM,GAAE,CAAC,CAAC;QACvB,IAAI,CAAC,GAAG,CAAC,GAAG,CAAC,iBAAO,CAAC,UAAU,CAAC,EAAE,QAAQ,EAAE,IAAI,EAAE,CAAC,CAAC,CAAC;QACrD,IAAI,CAAC,GAAG,CAAC,GAAG,CAAC,iBAAO,CAAC,IAAI,EAAE,CAAC,CAAC;QAC7B,IAAI,CAAC,GAAG,CAAC,GAAG,CAAC,IAAA,gBAAM,EAAC,UAAU,EAAE,EAAE,MAAM,EAAE,IAAI,CAAC,SAAS,EAAE,CAAC,CAAC,CAAC;QAC7D,IAAI,CAAC,GAAG,CAAC,GAAG,CAAC,IAAA,uBAAY,GAAE,CAAC,CAAC;IAC/B,CAAC;IAEM,gBAAgB;QACrB,IAAI,CAAC,GAAG,CAAC,GAAG,CAAC,QAAQ,IAAI,CAAC,WAAW,EAAE,EAAE,IAAA,gBAAM,GAAE,CAAC,CAAC;QACnD,IAAI,CAAC,GAAG,CAAC,GAAG,CAAC,WAAW,EAAE,SAAS,CAAC,KAAK,EAAE,SAAS,CAAC,KAAK,CAAC,eAAe,CAAC,CAAC,CAAC;QAC7E,IAAI,CAAC,GAAG,CAAC,GAAG,CAAC,OAAO,EAAE,CAAC,GAAG,EAAE,GAAG,EAAE,EAAE;YACjC,GAAG,CAAC,IAAI,CAAC,uBAAuB,CAAC,CAAC;QACpC,CAAC,CAAC,CAAC;IACL,CAAC;IAEM,uBAAuB;QAC5B,IAAI,CAAC,GAAG,CAAC,GAAG,CAAC,IAAI,CAAC,YAAY,CAAC,eAAe,CAAC,CAAC;QAChD,IAAI,CAAC,GAAG,CAAC,GAAG,CAAC,IAAI,CAAC,YAAY,CAAC,mBAAmB,CAAC,CAAC;QACpD,IAAI,CAAC,GAAG,CAAC,GAAG,CAAC,IAAI,CAAC,YAAY,CAAC,QAAQ,CAAC,CAAC;IAC3C,CAAC;IAEM,QAAQ;QACb,IAAI,CAAC,GAAG,CAAC,MAAM,CAAC,IAAI,CAAC,IAAI,EAAE,GAAG,EAAE;YAC9B,IAAI,CAAC,MAAM,CAAC,IAAI,CACd,qBAAqB,IAAI,CAAC,IAAI,IAAI,IAAI,CAAC,IAAI,QAAQ,IAAI,CAAC,WAAW,GAAG,CACvE,CAAC;QACJ,CAAC,CAAC,CAAC;IACL,CAAC;IAEM,MAAM;QACX,OAAO,IAAI,CAAC,GAAG,CAAC;IAClB,CAAC;CACF;AAED,MAAM,GAAG,GAAG,IAAI,GAAG,EAAE,CAAC;AAEtB,kBAAe,GAAG,CAAC","sourcesContent":["// import dotenv from 'dotenv';\r\n// dotenv.config();\r\nconst config = require('./config/config');\r\n\r\nimport express, { Application } from 'express';\r\nimport cors from 'cors';\r\nimport helmet from 'helmet';\r\nimport cookieParser from 'cookie-parser';\r\n\r\nimport routes from './routes';\r\nimport ErrorHandler from './middlewares/error.middleware';\r\nimport Logger from './config/logger';\r\n\r\nimport morgan from 'morgan';\r\n\r\n//swagger\r\nconst swaggerUi = require('swagger-ui-express');\r\nconst swaggerDocument = require('./doc/swagger-output.json');\r\n\r\nclass App {\r\n  public app: Application;\r\n  public host: string | number;\r\n  public port: string | number;\r\n  public api_version: string | number;\r\n  public env: boolean;\r\n  private logStream = Logger.logStream;\r\n  private logger = Logger.logger;\r\n  public errorHandler = new ErrorHandler();\r\n  \r\n  constructor() {\r\n    this.app = express();\r\n    this.host = config.development.host;\r\n    this.port = config.development.app_port;\r\n    this.api_version = config.development.version;\r\n\r\n    this.initializeMiddleWares();\r\n    this.initializeRoutes();\r\n    this.initializeErrorHandlers();\r\n    this.startApp();\r\n  }\r\n\r\n  public initializeMiddleWares(): void {\r\n    this.app.use(cors());\r\n    this.app.use(helmet());\r\n    this.app.use(express.urlencoded({ extended: true }));\r\n    this.app.use(express.json());\r\n    this.app.use(morgan('combined', { stream: this.logStream }));\r\n    this.app.use(cookieParser());\r\n  }\r\n\r\n  public initializeRoutes(): void {\r\n    this.app.use(`/api/${this.api_version}`, routes());\r\n    this.app.use('/api-docs', swaggerUi.serve, swaggerUi.setup(swaggerDocument));\r\n    this.app.get('/test', (req, res) => {\r\n      res.send('Test route is working');\r\n    });\r\n  }\r\n\r\n  public initializeErrorHandlers(): void {\r\n    this.app.use(this.errorHandler.appErrorHandler);\r\n    this.app.use(this.errorHandler.genericErrorHandler);\r\n    this.app.use(this.errorHandler.notFound);\r\n  }\r\n\r\n  public startApp(): void {\r\n    this.app.listen(this.port, () => {\r\n      this.logger.info(\r\n        `Server started at ${this.host}:${this.port}/api/${this.api_version}/`\r\n      );\r\n    });\r\n  }\r\n\r\n  public getApp(): Application {\r\n    return this.app;\r\n  }\r\n}\r\n\r\nconst app = new App();\r\n\r\nexport default app;\r\n"]},"_coverageSchema":"1a1c01bbd47fc00a2c39e90264f33305004495a9","hash":"bc3b8e89a20754a3543201796f4c52e676139011","contentHash":"0be17f44f9fb9a90c057e2223b60a03f8ba42aa02876d6c76ba04b719c6a8b90"},"C:\\Users\\Sakhare Sohan\\Desktop\\FundooNotes_Project\\fundooNotes\\src\\config\\config.js":{"path":"C:\\Users\\Sakhare Sohan\\Desktop\\FundooNotes_Project\\fundooNotes\\src\\config\\config.js","statementMap":{"0":{"start":{"line":1,"column":0},"end":{"line":1,"column":27}},"1":{"start":{"line":2,"column":0},"end":{"line":39,"column":2}}},"fnMap":{},"branchMap":{},"s":{"0":1,"1":1},"f":{},"b":{},"inputSourceMap":{"version":3,"file":"C:/Users/Sakhare Sohan/Desktop/FundooNotes_Project/fundooNotes/src/config/config.js","sources":["C:/Users/Sakhare Sohan/Desktop/FundooNotes_Project/fundooNotes/src/config/config.js"],"names":[],"mappings":"AAAA,OAAO,CAAC,QAAQ,CAAC,CAAC,MAAM,EAAE,CAAC;AAE3B,MAAM,CAAC,OAAO,GAAG;IACf,WAAW,EAAE;QACX,QAAQ,EAAE,OAAO,CAAC,GAAG,CAAC,QAAQ;QAC9B,QAAQ,EAAE,OAAO,CAAC,GAAG,CAAC,WAAW;QACjC,QAAQ,EAAE,OAAO,CAAC,GAAG,CAAC,QAAQ;QAC9B,QAAQ,EAAE,OAAO,CAAC,GAAG,CAAC,QAAQ;QAC9B,IAAI,EAAE,OAAO,CAAC,GAAG,CAAC,IAAI;QACtB,IAAI,EAAE,OAAO,CAAC,GAAG,CAAC,IAAI;QACtB,OAAO,EAAE,OAAO,CAAC,GAAG,CAAC,OAAO;QAC5B,OAAO,EAAE,OAAO,CAAC,GAAG,CAAC,WAAW;QAChC,OAAO,EAAE,OAAO,CAAC,GAAG,CAAC,WAAW;QAChC,cAAc,EAAE,OAAO,CAAC,GAAG,CAAC,YAAY;KACzC;IACD,IAAI,EAAE;QACJ,QAAQ,EAAE,OAAO,CAAC,GAAG,CAAC,QAAQ;QAC9B,QAAQ,EAAE,OAAO,CAAC,GAAG,CAAC,WAAW;QACjC,QAAQ,EAAE,OAAO,CAAC,GAAG,CAAC,QAAQ;QAC9B,QAAQ,EAAE,OAAO,CAAC,GAAG,CAAC,QAAQ;QAC9B,IAAI,EAAE,OAAO,CAAC,GAAG,CAAC,IAAI;QACtB,IAAI,EAAE,OAAO,CAAC,GAAG,CAAC,IAAI;QACtB,OAAO,EAAE,OAAO,CAAC,GAAG,CAAC,OAAO;QAC5B,OAAO,EAAE,OAAO,CAAC,GAAG,CAAC,WAAW;QAChC,OAAO,EAAE,OAAO,CAAC,GAAG,CAAC,WAAW;QAChC,cAAc,EAAE,OAAO,CAAC,GAAG,CAAC,YAAY;KACzC;IACD,UAAU,EAAE;QACV,QAAQ,EAAE,OAAO,CAAC,GAAG,CAAC,QAAQ;QAC9B,QAAQ,EAAE,OAAO,CAAC,GAAG,CAAC,WAAW;QACjC,QAAQ,EAAE,OAAO,CAAC,GAAG,CAAC,QAAQ;QAC9B,QAAQ,EAAE,OAAO,CAAC,GAAG,CAAC,QAAQ;QAC9B,IAAI,EAAE,OAAO,CAAC,GAAG,CAAC,IAAI;QACtB,IAAI,EAAE,OAAO,CAAC,GAAG,CAAC,IAAI;QACtB,OAAO,EAAE,OAAO,CAAC,GAAG,CAAC,OAAO;QAC5B,OAAO,EAAE,OAAO,CAAC,GAAG,CAAC,WAAW;QAChC,OAAO,EAAE,OAAO,CAAC,GAAG,CAAC,WAAW;QAChC,cAAc,EAAE,OAAO,CAAC,GAAG,CAAC,YAAY;KACzC;CACF,CAAC","sourcesContent":["require('dotenv').config();\r\n\r\nmodule.exports = {\r\n  development: {\r\n    app_port: process.env.APP_PORT,\r\n    username: process.env.DB_USERNAME,\r\n    password: process.env.PASSWORD,\r\n    database: process.env.DATABASE,\r\n    host: process.env.HOST,\r\n    port: process.env.PORT,\r\n    dialect: process.env.DIALECT,\r\n    secreat: process.env.SECREAT_KEY,\r\n    version: process.env.API_VERSION,\r\n    forget_secreat: process.env.FORGET_SECRE\r\n  },\r\n  test: {\r\n    app_port: process.env.APP_PORT,\r\n    username: process.env.DB_USERNAME,\r\n    password: process.env.PASSWORD,\r\n    database: process.env.DATABASE,\r\n    host: process.env.HOST,\r\n    port: process.env.PORT,\r\n    dialect: process.env.DIALECT,\r\n    secreat: process.env.SECREAT_KEY,\r\n    version: process.env.API_VERSION,\r\n    forget_secreat: process.env.FORGET_SECRE\r\n  },\r\n  production: {\r\n    app_port: process.env.APP_PORT,\r\n    username: process.env.DB_USERNAME,\r\n    password: process.env.PASSWORD,\r\n    database: process.env.DATABASE,\r\n    host: process.env.HOST,\r\n    port: process.env.PORT,\r\n    dialect: process.env.DIALECT,\r\n    secreat: process.env.SECREAT_KEY,\r\n    version: process.env.API_VERSION,\r\n    forget_secreat: process.env.FORGET_SECRE\r\n  }\r\n};\r\n"]},"_coverageSchema":"1a1c01bbd47fc00a2c39e90264f33305004495a9","hash":"a09a345149ddffb9fa898666ac3bf556353b0621","contentHash":"24d230e437283d4670619c3ebd030591fcd14c074b15124b37832fa9ff88e916"},"C:\\Users\\Sakhare Sohan\\Desktop\\FundooNotes_Project\\fundooNotes\\src\\routes\\index.ts":{"path":"C:\\Users\\Sakhare Sohan\\Desktop\\FundooNotes_Project\\fundooNotes\\src\\routes\\index.ts","statementMap":{"0":{"start":{"line":2,"column":22},"end":{"line":4,"column":1}},"1":{"start":{"line":3,"column":4},"end":{"line":3,"column":62}},"2":{"start":{"line":5,"column":0},"end":{"line":5,"column":62}},"3":{"start":{"line":6,"column":18},"end":{"line":6,"column":53}},"4":{"start":{"line":7,"column":15},"end":{"line":7,"column":41}},"5":{"start":{"line":8,"column":21},"end":{"line":8,"column":61}},"6":{"start":{"line":9,"column":23},"end":{"line":9,"column":65}},"7":{"start":{"line":15,"column":15},"end":{"line":22,"column":1}},"8":{"start":{"line":16,"column":4},"end":{"line":18,"column":7}},"9":{"start":{"line":17,"column":8},"end":{"line":17,"column":28}},"10":{"start":{"line":19,"column":4},"end":{"line":19,"column":65}},"11":{"start":{"line":20,"column":4},"end":{"line":20,"column":67}},"12":{"start":{"line":21,"column":4},"end":{"line":21,"column":18}},"13":{"start":{"line":23,"column":0},"end":{"line":23,"column":25}}},"fnMap":{"0":{"name":"(anonymous_0)","decl":{"start":{"line":2,"column":56},"end":{"line":2,"column":57}},"loc":{"start":{"line":2,"column":71},"end":{"line":4,"column":1}},"line":2},"1":{"name":"(anonymous_1)","decl":{"start":{"line":15,"column":15},"end":{"line":15,"column":16}},"loc":{"start":{"line":15,"column":21},"end":{"line":22,"column":1}},"line":15},"2":{"name":"(anonymous_2)","decl":{"start":{"line":16,"column":20},"end":{"line":16,"column":21}},"loc":{"start":{"line":16,"column":34},"end":{"line":18,"column":5}},"line":16}},"branchMap":{"0":{"loc":{"start":{"line":2,"column":22},"end":{"line":4,"column":1}},"type":"binary-expr","locations":[{"start":{"line":2,"column":23},"end":{"line":2,"column":27}},{"start":{"line":2,"column":31},"end":{"line":2,"column":51}},{"start":{"line":2,"column":56},"end":{"line":4,"column":1}}],"line":2},"1":{"loc":{"start":{"line":3,"column":11},"end":{"line":3,"column":61}},"type":"cond-expr","locations":[{"start":{"line":3,"column":37},"end":{"line":3,"column":40}},{"start":{"line":3,"column":43},"end":{"line":3,"column":61}}],"line":3},"2":{"loc":{"start":{"line":3,"column":12},"end":{"line":3,"column":33}},"type":"binary-expr","locations":[{"start":{"line":3,"column":12},"end":{"line":3,"column":15}},{"start":{"line":3,"column":19},"end":{"line":3,"column":33}}],"line":3}},"s":{"0":1,"1":3,"2":1,"3":1,"4":1,"5":1,"6":1,"7":1,"8":1,"9":0,"10":1,"11":1,"12":1,"13":1},"f":{"0":3,"1":1,"2":0},"b":{"0":[1,1,1],"1":[2,1],"2":[3,3]},"inputSourceMap":{"version":3,"file":"C:/Users/Sakhare Sohan/Desktop/FundooNotes_Project/fundooNotes/src/routes/index.ts","sources":["C:/Users/Sakhare Sohan/Desktop/FundooNotes_Project/fundooNotes/src/routes/index.ts"],"names":[],"mappings":";;;;;AAAA,sDAA2C;AAC3C,MAAM,MAAM,GAAG,iBAAO,CAAC,MAAM,EAAE,CAAC;AAEhC,8DAAqC;AACrC,kEAAuC;AACvC;;;;GAIG;AACH,MAAM,MAAM,GAAG,GAAY,EAAE;IAE3B,MAAM,CAAC,GAAG,CAAC,GAAG,EAAE,CAAC,GAAG,EAAE,GAAG,EAAE,EAAE;QAC3B,GAAG,CAAC,IAAI,CAAC,SAAS,CAAC,CAAC;IACtB,CAAC,CAAC,CAAC;IAEH,MAAM,CAAC,GAAG,CAAC,QAAQ,EAAE,IAAI,oBAAS,EAAE,CAAC,SAAS,EAAE,CAAC,CAAC;IAElD,MAAM,CAAC,GAAG,CAAC,QAAQ,EAAE,IAAI,sBAAS,EAAE,CAAC,SAAS,EAAE,CAAC,CAAC;IAElD,OAAO,MAAM,CAAC;AAChB,CAAC,CAAC;AAEF,kBAAe,MAAM,CAAC","sourcesContent":["import express, { IRouter } from 'express';\r\nconst router = express.Router();\r\n\r\nimport userRoute from './user.route';\r\nimport noteRoute from './notes.routes';\r\n/**\r\n * Function contains Application routes\r\n *\r\n * @returns router\r\n */\r\nconst routes = (): IRouter => {\r\n  \r\n  router.get('/', (req, res) => {\r\n    res.json('Welcome');\r\n  });\r\n  \r\n  router.use('/users', new userRoute().getRoutes());\r\n\r\n  router.use('/notes', new noteRoute().getRoutes());\r\n\r\n  return router;\r\n};\r\n\r\nexport default routes;\r\n"]},"_coverageSchema":"1a1c01bbd47fc00a2c39e90264f33305004495a9","hash":"e6760a10458d074a35c674784ab84d29eebf30e2","contentHash":"6b11b71d7f1fa9690d145c78b3266f4038f21f07fd3e45f4214e74f1e17e090b"},"C:\\Users\\Sakhare Sohan\\Desktop\\FundooNotes_Project\\fundooNotes\\src\\routes\\user.route.ts":{"path":"C:\\Users\\Sakhare Sohan\\Desktop\\FundooNotes_Project\\fundooNotes\\src\\routes\\user.route.ts","statementMap":{"0":{"start":{"line":2,"column":22},"end":{"line":4,"column":1}},"1":{"start":{"line":3,"column":4},"end":{"line":3,"column":62}},"2":{"start":{"line":5,"column":0},"end":{"line":5,"column":62}},"3":{"start":{"line":6,"column":18},"end":{"line":6,"column":53}},"4":{"start":{"line":7,"column":26},"end":{"line":7,"column":84}},"5":{"start":{"line":8,"column":25},"end":{"line":8,"column":81}},"6":{"start":{"line":9,"column":26},"end":{"line":9,"column":67}},"7":{"start":{"line":12,"column":8},"end":{"line":12,"column":62}},"8":{"start":{"line":13,"column":8},"end":{"line":13,"column":49}},"9":{"start":{"line":14,"column":8},"end":{"line":14,"column":60}},"10":{"start":{"line":15,"column":8},"end":{"line":26,"column":10}},"11":{"start":{"line":16,"column":12},"end":{"line":16,"column":90}},"12":{"start":{"line":17,"column":12},"end":{"line":17,"column":92}},"13":{"start":{"line":18,"column":12},"end":{"line":18,"column":92}},"14":{"start":{"line":19,"column":12},"end":{"line":19,"column":120}},"15":{"start":{"line":20,"column":12},"end":{"line":20,"column":109}},"16":{"start":{"line":21,"column":12},"end":{"line":21,"column":96}},"17":{"start":{"line":23,"column":12},"end":{"line":23,"column":72}},"18":{"start":{"line":24,"column":12},"end":{"line":24,"column":103}},"19":{"start":{"line":27,"column":8},"end":{"line":29,"column":10}},"20":{"start":{"line":28,"column":12},"end":{"line":28,"column":31}},"21":{"start":{"line":30,"column":8},"end":{"line":30,"column":22}},"22":{"start":{"line":33,"column":0},"end":{"line":33,"column":29}}},"fnMap":{"0":{"name":"(anonymous_0)","decl":{"start":{"line":2,"column":56},"end":{"line":2,"column":57}},"loc":{"start":{"line":2,"column":71},"end":{"line":4,"column":1}},"line":2},"1":{"name":"(anonymous_1)","decl":{"start":{"line":11,"column":4},"end":{"line":11,"column":5}},"loc":{"start":{"line":11,"column":18},"end":{"line":31,"column":5}},"line":11},"2":{"name":"(anonymous_2)","decl":{"start":{"line":15,"column":22},"end":{"line":15,"column":23}},"loc":{"start":{"line":15,"column":28},"end":{"line":26,"column":9}},"line":15},"3":{"name":"(anonymous_3)","decl":{"start":{"line":27,"column":25},"end":{"line":27,"column":26}},"loc":{"start":{"line":27,"column":31},"end":{"line":29,"column":9}},"line":27}},"branchMap":{"0":{"loc":{"start":{"line":2,"column":22},"end":{"line":4,"column":1}},"type":"binary-expr","locations":[{"start":{"line":2,"column":23},"end":{"line":2,"column":27}},{"start":{"line":2,"column":31},"end":{"line":2,"column":51}},{"start":{"line":2,"column":56},"end":{"line":4,"column":1}}],"line":2},"1":{"loc":{"start":{"line":3,"column":11},"end":{"line":3,"column":61}},"type":"cond-expr","locations":[{"start":{"line":3,"column":37},"end":{"line":3,"column":40}},{"start":{"line":3,"column":43},"end":{"line":3,"column":61}}],"line":3},"2":{"loc":{"start":{"line":3,"column":12},"end":{"line":3,"column":33}},"type":"binary-expr","locations":[{"start":{"line":3,"column":12},"end":{"line":3,"column":15}},{"start":{"line":3,"column":19},"end":{"line":3,"column":33}}],"line":3}},"s":{"0":1,"1":3,"2":1,"3":1,"4":1,"5":1,"6":1,"7":1,"8":1,"9":1,"10":1,"11":1,"12":1,"13":1,"14":1,"15":1,"16":1,"17":1,"18":1,"19":1,"20":1,"21":1,"22":1},"f":{"0":3,"1":1,"2":1,"3":1},"b":{"0":[1,1,1],"1":[2,1],"2":[3,3]},"inputSourceMap":{"version":3,"file":"C:/Users/Sakhare Sohan/Desktop/FundooNotes_Project/fundooNotes/src/routes/user.route.ts","sources":["C:/Users/Sakhare Sohan/Desktop/FundooNotes_Project/fundooNotes/src/routes/user.route.ts"],"names":[],"mappings":";;;;;AAAA,sDAA2C;AAC3C,qFAA4D;AAC5D,kFAAyD;AACzD,oEAAsE;AAEtE,MAAM,UAAU;IAKd;QAJQ,mBAAc,GAAG,IAAI,yBAAc,EAAE,CAAC;QACtC,WAAM,GAAG,iBAAO,CAAC,MAAM,EAAE,CAAC;QAC1B,kBAAa,GAAG,IAAI,wBAAa,EAAE,CAAC;QAMpC,WAAM,GAAG,GAAG,EAAE;YAEpB,IAAI,CAAC,MAAM,CAAC,GAAG,CAAC,GAAG,EAAE,0BAAQ,EAAG,IAAI,CAAC,cAAc,CAAC,OAAO,CAAC,CAAC;YAE7D,IAAI,CAAC,MAAM,CAAC,IAAI,CAAC,GAAG,EAAE,IAAI,CAAC,aAAa,CAAC,OAAO,EAAE,IAAI,CAAC,cAAc,CAAC,QAAQ,CAAC,CAAC;YAEhF,IAAI,CAAC,MAAM,CAAC,IAAI,CAAC,QAAQ,EAAE,IAAI,CAAC,aAAa,CAAC,KAAK,EAAE,IAAI,CAAC,cAAc,CAAC,KAAK,CAAC,CAAC;YAEhF,IAAI,CAAC,MAAM,CAAC,GAAG,CAAC,GAAG,EAAE,0BAAQ,EAAE,IAAI,CAAC,aAAa,CAAC,MAAM,EAAE,IAAI,CAAC,cAAc,CAAC,UAAU,CAAC,CAAC;YAE1F,IAAI,CAAC,MAAM,CAAC,GAAG,CAAC,WAAW,EAAE,0BAAQ,EAAE,IAAI,CAAC,cAAc,CAAC,kBAAkB,CAAC,CAAC;YAE/E,IAAI,CAAC,MAAM,CAAC,MAAM,CAAC,GAAG,EAAE,0BAAQ,EAAE,IAAI,CAAC,cAAc,CAAC,UAAU,CAAC,CAAC;YAElE,6DAA6D;YAE7D,IAAI,CAAC,MAAM,CAAC,IAAI,CAAC,SAAS,EAAG,IAAI,CAAC,cAAc,CAAC,UAAU,CAAC,CAAC;YAE7D,IAAI,CAAC,MAAM,CAAC,IAAI,CAAC,eAAe,EAAE,4BAAU,EAAE,IAAI,CAAC,cAAc,CAAC,KAAK,CAAC,CAAC;YAEzE,4DAA4D;QAE9D,CAAC,CAAC;QAEK,cAAS,GAAG,GAAY,EAAE;YAC/B,OAAO,IAAI,CAAC,MAAM,CAAC;QACrB,CAAC,CAAC;QA7BA,IAAI,CAAC,MAAM,EAAE,CAAC;IAChB,CAAC;CA6BF;AAED,kBAAe,UAAU,CAAC","sourcesContent":["import express, { IRouter } from 'express';\r\nimport userController from '../controllers/user.controller';\r\nimport userValidator from '../validators/user.validator';\r\nimport { userAuth, forgotUser } from '../middlewares/auth.middleware';\r\n\r\nclass UserRoutes {\r\n  private UserController = new userController();\r\n  private router = express.Router();\r\n  private UserValidator = new userValidator();\r\n\r\n  constructor() {\r\n    this.routes();\r\n  } \r\n\r\n  private routes = () => { \r\n\r\n    this.router.get('/', userAuth,  this.UserController.getUser);\r\n\r\n    this.router.post('/', this.UserValidator.newUser, this.UserController.register);\r\n    \r\n    this.router.post('/login', this.UserValidator.login, this.UserController.login);\r\n\r\n    this.router.put('/', userAuth, this.UserValidator.update, this.UserController.updateUser);\r\n\r\n    this.router.put('/password', userAuth, this.UserController.updateUserPassword);\r\n\r\n    this.router.delete('/', userAuth, this.UserController.deleteUser);\r\n\r\n    /////////////////////////////////////////////////////////////\r\n\r\n    this.router.post('/forget',  this.UserController.forgetUser);\r\n\r\n    this.router.post('/forget/reset', forgotUser, this.UserController.reset);\r\n\r\n    ////////////////////////////////////////////////////////////\r\n\r\n  };\r\n\r\n  public getRoutes = (): IRouter => {\r\n    return this.router;\r\n  };\r\n}\r\n\r\nexport default UserRoutes;\r\n"]},"_coverageSchema":"1a1c01bbd47fc00a2c39e90264f33305004495a9","hash":"d9a5c1ae7eeedff87e7ac2074239e6b46139abf9","contentHash":"4c1d96578ac8eac99b9ef3d9bd3d9aa52d4f1a09323454e29502a58fd31cb3a0"},"C:\\Users\\Sakhare Sohan\\Desktop\\FundooNotes_Project\\fundooNotes\\src\\controllers\\user.controller.ts":{"path":"C:\\Users\\Sakhare Sohan\\Desktop\\FundooNotes_Project\\fundooNotes\\src\\controllers\\user.controller.ts","statementMap":{"0":{"start":{"line":2,"column":16},"end":{"line":10,"column":1}},"1":{"start":{"line":3,"column":28},"end":{"line":3,"column":110}},"2":{"start":{"line":3,"column":91},"end":{"line":3,"column":106}},"3":{"start":{"line":4,"column":4},"end":{"line":9,"column":7}},"4":{"start":{"line":5,"column":36},"end":{"line":5,"column":97}},"5":{"start":{"line":5,"column":42},"end":{"line":5,"column":70}},"6":{"start":{"line":5,"column":85},"end":{"line":5,"column":95}},"7":{"start":{"line":6,"column":35},"end":{"line":6,"column":100}},"8":{"start":{"line":6,"column":41},"end":{"line":6,"column":73}},"9":{"start":{"line":6,"column":88},"end":{"line":6,"column":98}},"10":{"start":{"line":7,"column":32},"end":{"line":7,"column":116}},"11":{"start":{"line":8,"column":8},"end":{"line":8,"column":78}},"12":{"start":{"line":11,"column":22},"end":{"line":13,"column":1}},"13":{"start":{"line":12,"column":4},"end":{"line":12,"column":62}},"14":{"start":{"line":14,"column":0},"end":{"line":14,"column":62}},"15":{"start":{"line":16,"column":28},"end":{"line":16,"column":73}},"16":{"start":{"line":17,"column":23},"end":{"line":17,"column":75}},"17":{"start":{"line":20,"column":8},"end":{"line":20,"column":56}},"18":{"start":{"line":27,"column":8},"end":{"line":39,"column":11}},"19":{"start":{"line":27,"column":44},"end":{"line":39,"column":10}},"20":{"start":{"line":28,"column":12},"end":{"line":38,"column":13}},"21":{"start":{"line":29,"column":29},"end":{"line":29,"column":70}},"22":{"start":{"line":30,"column":16},"end":{"line":34,"column":19}},"23":{"start":{"line":37,"column":16},"end":{"line":37,"column":28}},"24":{"start":{"line":46,"column":8},"end":{"line":58,"column":11}},"25":{"start":{"line":46,"column":41},"end":{"line":58,"column":10}},"26":{"start":{"line":47,"column":12},"end":{"line":57,"column":13}},"27":{"start":{"line":48,"column":29},"end":{"line":48,"column":92}},"28":{"start":{"line":49,"column":16},"end":{"line":53,"column":19}},"29":{"start":{"line":56,"column":16},"end":{"line":56,"column":28}},"30":{"start":{"line":65,"column":8},"end":{"line":77,"column":11}},"31":{"start":{"line":65,"column":43},"end":{"line":77,"column":10}},"32":{"start":{"line":66,"column":12},"end":{"line":76,"column":13}},"33":{"start":{"line":67,"column":29},"end":{"line":67,"column":72}},"34":{"start":{"line":68,"column":16},"end":{"line":72,"column":19}},"35":{"start":{"line":75,"column":16},"end":{"line":75,"column":28}},"36":{"start":{"line":84,"column":8},"end":{"line":96,"column":11}},"37":{"start":{"line":84,"column":46},"end":{"line":96,"column":10}},"38":{"start":{"line":85,"column":12},"end":{"line":95,"column":13}},"39":{"start":{"line":86,"column":29},"end":{"line":86,"column":85}},"40":{"start":{"line":87,"column":16},"end":{"line":91,"column":19}},"41":{"start":{"line":94,"column":16},"end":{"line":94,"column":28}},"42":{"start":{"line":103,"column":8},"end":{"line":115,"column":11}},"43":{"start":{"line":103,"column":54},"end":{"line":115,"column":10}},"44":{"start":{"line":104,"column":12},"end":{"line":114,"column":13}},"45":{"start":{"line":105,"column":29},"end":{"line":105,"column":85}},"46":{"start":{"line":106,"column":16},"end":{"line":110,"column":19}},"47":{"start":{"line":113,"column":16},"end":{"line":113,"column":28}},"48":{"start":{"line":122,"column":8},"end":{"line":134,"column":11}},"49":{"start":{"line":122,"column":46},"end":{"line":134,"column":10}},"50":{"start":{"line":123,"column":12},"end":{"line":133,"column":13}},"51":{"start":{"line":124,"column":29},"end":{"line":124,"column":75}},"52":{"start":{"line":125,"column":16},"end":{"line":129,"column":19}},"53":{"start":{"line":132,"column":16},"end":{"line":132,"column":28}},"54":{"start":{"line":141,"column":8},"end":{"line":153,"column":11}},"55":{"start":{"line":141,"column":46},"end":{"line":153,"column":10}},"56":{"start":{"line":142,"column":12},"end":{"line":152,"column":13}},"57":{"start":{"line":143,"column":29},"end":{"line":143,"column":72}},"58":{"start":{"line":144,"column":16},"end":{"line":148,"column":19}},"59":{"start":{"line":151,"column":16},"end":{"line":151,"column":28}},"60":{"start":{"line":160,"column":8},"end":{"line":172,"column":11}},"61":{"start":{"line":160,"column":41},"end":{"line":172,"column":10}},"62":{"start":{"line":161,"column":12},"end":{"line":171,"column":13}},"63":{"start":{"line":162,"column":29},"end":{"line":162,"column":89}},"64":{"start":{"line":163,"column":16},"end":{"line":167,"column":19}},"65":{"start":{"line":170,"column":16},"end":{"line":170,"column":28}},"66":{"start":{"line":175,"column":0},"end":{"line":175,"column":33}}},"fnMap":{"0":{"name":"(anonymous_0)","decl":{"start":{"line":2,"column":44},"end":{"line":2,"column":45}},"loc":{"start":{"line":2,"column":89},"end":{"line":10,"column":1}},"line":2},"1":{"name":"adopt","decl":{"start":{"line":3,"column":13},"end":{"line":3,"column":18}},"loc":{"start":{"line":3,"column":26},"end":{"line":3,"column":112}},"line":3},"2":{"name":"(anonymous_2)","decl":{"start":{"line":3,"column":70},"end":{"line":3,"column":71}},"loc":{"start":{"line":3,"column":89},"end":{"line":3,"column":108}},"line":3},"3":{"name":"(anonymous_3)","decl":{"start":{"line":4,"column":36},"end":{"line":4,"column":37}},"loc":{"start":{"line":4,"column":63},"end":{"line":9,"column":5}},"line":4},"4":{"name":"fulfilled","decl":{"start":{"line":5,"column":17},"end":{"line":5,"column":26}},"loc":{"start":{"line":5,"column":34},"end":{"line":5,"column":99}},"line":5},"5":{"name":"rejected","decl":{"start":{"line":6,"column":17},"end":{"line":6,"column":25}},"loc":{"start":{"line":6,"column":33},"end":{"line":6,"column":102}},"line":6},"6":{"name":"step","decl":{"start":{"line":7,"column":17},"end":{"line":7,"column":21}},"loc":{"start":{"line":7,"column":30},"end":{"line":7,"column":118}},"line":7},"7":{"name":"(anonymous_7)","decl":{"start":{"line":11,"column":56},"end":{"line":11,"column":57}},"loc":{"start":{"line":11,"column":71},"end":{"line":13,"column":1}},"line":11},"8":{"name":"(anonymous_8)","decl":{"start":{"line":19,"column":4},"end":{"line":19,"column":5}},"loc":{"start":{"line":19,"column":18},"end":{"line":173,"column":5}},"line":19},"9":{"name":"(anonymous_9)","decl":{"start":{"line":27,"column":24},"end":{"line":27,"column":25}},"loc":{"start":{"line":27,"column":44},"end":{"line":39,"column":10}},"line":27},"10":{"name":"(anonymous_10)","decl":{"start":{"line":27,"column":76},"end":{"line":27,"column":77}},"loc":{"start":{"line":27,"column":89},"end":{"line":39,"column":9}},"line":27},"11":{"name":"(anonymous_11)","decl":{"start":{"line":46,"column":21},"end":{"line":46,"column":22}},"loc":{"start":{"line":46,"column":41},"end":{"line":58,"column":10}},"line":46},"12":{"name":"(anonymous_12)","decl":{"start":{"line":46,"column":73},"end":{"line":46,"column":74}},"loc":{"start":{"line":46,"column":86},"end":{"line":58,"column":9}},"line":46},"13":{"name":"(anonymous_13)","decl":{"start":{"line":65,"column":23},"end":{"line":65,"column":24}},"loc":{"start":{"line":65,"column":43},"end":{"line":77,"column":10}},"line":65},"14":{"name":"(anonymous_14)","decl":{"start":{"line":65,"column":75},"end":{"line":65,"column":76}},"loc":{"start":{"line":65,"column":88},"end":{"line":77,"column":9}},"line":65},"15":{"name":"(anonymous_15)","decl":{"start":{"line":84,"column":26},"end":{"line":84,"column":27}},"loc":{"start":{"line":84,"column":46},"end":{"line":96,"column":10}},"line":84},"16":{"name":"(anonymous_16)","decl":{"start":{"line":84,"column":78},"end":{"line":84,"column":79}},"loc":{"start":{"line":84,"column":91},"end":{"line":96,"column":9}},"line":84},"17":{"name":"(anonymous_17)","decl":{"start":{"line":103,"column":34},"end":{"line":103,"column":35}},"loc":{"start":{"line":103,"column":54},"end":{"line":115,"column":10}},"line":103},"18":{"name":"(anonymous_18)","decl":{"start":{"line":103,"column":86},"end":{"line":103,"column":87}},"loc":{"start":{"line":103,"column":99},"end":{"line":115,"column":9}},"line":103},"19":{"name":"(anonymous_19)","decl":{"start":{"line":122,"column":26},"end":{"line":122,"column":27}},"loc":{"start":{"line":122,"column":46},"end":{"line":134,"column":10}},"line":122},"20":{"name":"(anonymous_20)","decl":{"start":{"line":122,"column":78},"end":{"line":122,"column":79}},"loc":{"start":{"line":122,"column":91},"end":{"line":134,"column":9}},"line":122},"21":{"name":"(anonymous_21)","decl":{"start":{"line":141,"column":26},"end":{"line":141,"column":27}},"loc":{"start":{"line":141,"column":46},"end":{"line":153,"column":10}},"line":141},"22":{"name":"(anonymous_22)","decl":{"start":{"line":141,"column":78},"end":{"line":141,"column":79}},"loc":{"start":{"line":141,"column":91},"end":{"line":153,"column":9}},"line":141},"23":{"name":"(anonymous_23)","decl":{"start":{"line":160,"column":21},"end":{"line":160,"column":22}},"loc":{"start":{"line":160,"column":41},"end":{"line":172,"column":10}},"line":160},"24":{"name":"(anonymous_24)","decl":{"start":{"line":160,"column":73},"end":{"line":160,"column":74}},"loc":{"start":{"line":160,"column":86},"end":{"line":172,"column":9}},"line":160}},"branchMap":{"0":{"loc":{"start":{"line":2,"column":16},"end":{"line":10,"column":1}},"type":"binary-expr","locations":[{"start":{"line":2,"column":17},"end":{"line":2,"column":21}},{"start":{"line":2,"column":25},"end":{"line":2,"column":39}},{"start":{"line":2,"column":44},"end":{"line":10,"column":1}}],"line":2},"1":{"loc":{"start":{"line":3,"column":35},"end":{"line":3,"column":109}},"type":"cond-expr","locations":[{"start":{"line":3,"column":56},"end":{"line":3,"column":61}},{"start":{"line":3,"column":64},"end":{"line":3,"column":109}}],"line":3},"2":{"loc":{"start":{"line":4,"column":16},"end":{"line":4,"column":34}},"type":"binary-expr","locations":[{"start":{"line":4,"column":16},"end":{"line":4,"column":17}},{"start":{"line":4,"column":22},"end":{"line":4,"column":33}}],"line":4},"3":{"loc":{"start":{"line":7,"column":32},"end":{"line":7,"column":115}},"type":"cond-expr","locations":[{"start":{"line":7,"column":46},"end":{"line":7,"column":67}},{"start":{"line":7,"column":70},"end":{"line":7,"column":115}}],"line":7},"4":{"loc":{"start":{"line":8,"column":51},"end":{"line":8,"column":67}},"type":"binary-expr","locations":[{"start":{"line":8,"column":51},"end":{"line":8,"column":61}},{"start":{"line":8,"column":65},"end":{"line":8,"column":67}}],"line":8},"5":{"loc":{"start":{"line":11,"column":22},"end":{"line":13,"column":1}},"type":"binary-expr","locations":[{"start":{"line":11,"column":23},"end":{"line":11,"column":27}},{"start":{"line":11,"column":31},"end":{"line":11,"column":51}},{"start":{"line":11,"column":56},"end":{"line":13,"column":1}}],"line":11},"6":{"loc":{"start":{"line":12,"column":11},"end":{"line":12,"column":61}},"type":"cond-expr","locations":[{"start":{"line":12,"column":37},"end":{"line":12,"column":40}},{"start":{"line":12,"column":43},"end":{"line":12,"column":61}}],"line":12},"7":{"loc":{"start":{"line":12,"column":12},"end":{"line":12,"column":33}},"type":"binary-expr","locations":[{"start":{"line":12,"column":12},"end":{"line":12,"column":15}},{"start":{"line":12,"column":19},"end":{"line":12,"column":33}}],"line":12}},"s":{"0":1,"1":11,"2":0,"3":11,"4":11,"5":11,"6":0,"7":0,"8":0,"9":0,"10":22,"11":11,"12":1,"13":2,"14":1,"15":1,"16":1,"17":1,"18":1,"19":3,"20":3,"21":3,"22":3,"23":0,"24":1,"25":2,"26":2,"27":2,"28":2,"29":0,"30":1,"31":1,"32":1,"33":1,"34":1,"35":0,"36":1,"37":1,"38":1,"39":1,"40":1,"41":0,"42":1,"43":1,"44":1,"45":1,"46":1,"47":0,"48":1,"49":1,"50":1,"51":1,"52":1,"53":0,"54":1,"55":1,"56":1,"57":1,"58":1,"59":0,"60":1,"61":1,"62":1,"63":1,"64":1,"65":0,"66":1},"f":{"0":11,"1":11,"2":0,"3":11,"4":11,"5":0,"6":22,"7":2,"8":1,"9":3,"10":3,"11":2,"12":2,"13":1,"14":1,"15":1,"16":1,"17":1,"18":1,"19":1,"20":1,"21":1,"22":1,"23":1,"24":1},"b":{"0":[1,1,1],"1":[11,0],"2":[11,11],"3":[11,11],"4":[11,11],"5":[1,1,1],"6":[2,0],"7":[2,2]},"inputSourceMap":{"version":3,"file":"C:/Users/Sakhare Sohan/Desktop/FundooNotes_Project/fundooNotes/src/controllers/user.controller.ts","sources":["C:/Users/Sakhare Sohan/Desktop/FundooNotes_Project/fundooNotes/src/controllers/user.controller.ts"],"names":[],"mappings":";;;;;;;;;;;;;;AAAA,uDAAuD;AACvD,0EAA2C;AAC3C,4EAAmD;AAMnD,MAAM,cAAc;IAApB;QACS,gBAAW,GAAG,IAAI,sBAAW,EAAE,CAAC;QAEvC;;;;;WAKG;QACI,aAAQ,GAAG,CAChB,GAAY,EACZ,GAAa,EACb,IAAkB,EACJ,EAAE;YAChB,IAAI,CAAC;gBACH,MAAM,IAAI,GAAG,MAAM,IAAI,CAAC,WAAW,CAAC,QAAQ,CAAC,GAAG,CAAC,IAAI,CAAC,CAAC;gBACvD,GAAG,CAAC,MAAM,CAAC,2BAAU,CAAC,OAAO,CAAC,CAAC,IAAI,CAAC;oBAClC,IAAI,EAAE,2BAAU,CAAC,OAAO;oBACxB,IAAI,EAAE,IAAI;oBACV,OAAO,EAAE,mBAAmB;iBAC7B,CAAC,CAAC;YACL,CAAC;YAAC,OAAO,KAAK,EAAE,CAAC;gBACf,IAAI,CAAC,KAAK,CAAC,CAAC;YACd,CAAC;QACH,CAAC,CAAA,CAAC;QAEF;;;;;UAKE;QACK,UAAK,GAAG,CACb,GAAY,EACZ,GAAa,EACb,IAAkB,EACJ,EAAE;YAChB,IAAI,CAAC;gBACH,MAAM,IAAI,GAAG,MAAM,IAAI,CAAC,WAAW,CAAC,KAAK,CAAC,GAAG,CAAC,IAAI,CAAC,KAAK,EAAE,GAAG,CAAC,IAAI,CAAC,QAAQ,CAAC,CAAC;gBAC7E,GAAG,CAAC,MAAM,CAAC,2BAAU,CAAC,EAAE,CAAC,CAAC,IAAI,CAAC;oBAC7B,IAAI,EAAE,2BAAU,CAAC,EAAE;oBACnB,IAAI,EAAE,IAAI;oBACV,OAAO,EAAE,aAAa;iBACvB,CAAC,CAAC;YACL,CAAC;YAAC,OAAO,KAAK,EAAE,CAAC;gBACf,IAAI,CAAC,KAAK,CAAC,CAAC;YACd,CAAC;QACH,CAAC,CAAA,CAAC;QAEF;;;;;SAKC;QACM,YAAO,GAAG,CACf,GAAY,EACZ,GAAa,EACb,IAAkB,EACJ,EAAE;YAChB,IAAI,CAAC;gBACH,MAAM,IAAI,GAAG,MAAM,IAAI,CAAC,WAAW,CAAC,OAAO,CAAC,GAAG,CAAC,IAAI,CAAC,EAAE,CAAC,CAAC;gBACzD,GAAG,CAAC,MAAM,CAAC,2BAAU,CAAC,EAAE,CAAC,CAAC,IAAI,CAAC;oBAC7B,IAAI,EAAE,2BAAU,CAAC,EAAE;oBACnB,IAAI,EAAE,IAAI;oBACV,OAAO,EAAE,cAAc;iBACxB,CAAC,CAAC;YACL,CAAC;YAAC,OAAO,KAAK,EAAE,CAAC;gBACf,IAAI,CAAC,KAAK,CAAC,CAAC;YACd,CAAC;QACH,CAAC,CAAA,CAAC;QAEF;;;;;WAKG;QACI,eAAU,GAAG,CAClB,GAAY,EACZ,GAAa,EACb,IAAkB,EACJ,EAAE;YAChB,IAAI,CAAC;gBACH,MAAM,IAAI,GAAG,MAAM,IAAI,CAAC,WAAW,CAAC,UAAU,CAAC,GAAG,CAAC,IAAI,CAAC,EAAE,EAAE,GAAG,CAAC,IAAI,CAAC,CAAC;gBACtE,GAAG,CAAC,MAAM,CAAC,2BAAU,CAAC,QAAQ,CAAC,CAAC,IAAI,CAAC;oBACnC,IAAI,EAAE,2BAAU,CAAC,QAAQ;oBACzB,IAAI,EAAE,IAAI;oBACV,OAAO,EAAE,aAAa;iBACvB,CAAC,CAAC;YACL,CAAC;YAAC,OAAO,KAAK,EAAE,CAAC;gBACf,IAAI,CAAC,KAAK,CAAC,CAAC;YACd,CAAC;QACH,CAAC,CAAA,CAAC;QAEA;;;;;SAKC;QACM,uBAAkB,GAAG,CAC1B,GAAY,EACZ,GAAa,EACb,IAAkB,EACJ,EAAE;YAChB,IAAI,CAAC;gBACH,MAAM,IAAI,GAAG,MAAM,IAAI,CAAC,WAAW,CAAC,UAAU,CAAC,GAAG,CAAC,IAAI,CAAC,EAAE,EAAE,GAAG,CAAC,IAAI,CAAC,CAAC;gBACtE,GAAG,CAAC,MAAM,CAAC,2BAAU,CAAC,QAAQ,CAAC,CAAC,IAAI,CAAC;oBACnC,IAAI,EAAE,2BAAU,CAAC,QAAQ;oBACzB,IAAI,EAAE,IAAI;oBACV,OAAO,EAAE,aAAa;iBACvB,CAAC,CAAC;YACL,CAAC;YAAC,OAAO,KAAK,EAAE,CAAC;gBACf,IAAI,CAAC,KAAK,CAAC,CAAC;YACd,CAAC;QACH,CAAC,CAAA,CAAC;QAEE;;;;;KAKH;QACU,eAAU,GAAG,CAClB,GAAY,EACZ,GAAa,EACb,IAAkB,EACJ,EAAE;YAChB,IAAI,CAAC;gBACH,MAAM,IAAI,GAAG,MAAM,IAAI,CAAC,WAAW,CAAC,UAAU,CAAC,GAAG,CAAC,IAAI,CAAC,EAAE,CAAC,CAAC;gBAC5D,GAAG,CAAC,MAAM,CAAC,2BAAU,CAAC,QAAQ,CAAC,CAAC,IAAI,CAAC;oBACnC,IAAI,EAAE,2BAAU,CAAC,QAAQ;oBACzB,IAAI,EAAE,IAAI;oBACV,OAAO,EAAE,aAAa;iBACvB,CAAC,CAAC;YACL,CAAC;YAAC,OAAO,KAAK,EAAE,CAAC;gBACf,IAAI,CAAC,KAAK,CAAC,CAAC;YACd,CAAC;QACH,CAAC,CAAA,CAAC;QAEV;;;;;aAKK;QACE,eAAU,GAAG,CAClB,GAAY,EACZ,GAAa,EACb,IAAkB,EACJ,EAAE;YAChB,IAAI,CAAC;gBACH,MAAM,IAAI,GAAG,MAAM,IAAI,CAAC,WAAW,CAAC,UAAU,CAAC,GAAG,CAAC,IAAI,CAAC,CAAC;gBACzD,GAAG,CAAC,MAAM,CAAC,2BAAU,CAAC,QAAQ,CAAC,CAAC,IAAI,CAAC;oBACnC,IAAI,EAAE,2BAAU,CAAC,QAAQ;oBACzB,IAAI,EAAE,IAAI;oBACV,OAAO,EAAE,iBAAiB;iBAC3B,CAAC,CAAC;YACL,CAAC;YAAC,OAAO,KAAK,EAAE,CAAC;gBACf,IAAI,CAAC,KAAK,CAAC,CAAC;YACd,CAAC;QACH,CAAC,CAAA,CAAC;QAEF;;;;;aAKK;QACE,UAAK,GAAG,CACb,GAAY,EACZ,GAAa,EACb,IAAkB,EACJ,EAAE;YAChB,IAAI,CAAC;gBACH,MAAM,IAAI,GAAG,MAAM,IAAI,CAAC,WAAW,CAAC,KAAK,CAAC,GAAG,CAAC,IAAI,CAAC,EAAE,EAAE,GAAG,CAAC,IAAI,CAAC,QAAQ,CAAC,CAAC;gBAC1E,GAAG,CAAC,MAAM,CAAC,2BAAU,CAAC,QAAQ,CAAC,CAAC,IAAI,CAAC;oBACnC,IAAI,EAAE,2BAAU,CAAC,QAAQ;oBACzB,IAAI,EAAE,IAAI;oBACV,OAAO,EAAE,gBAAgB;iBAC1B,CAAC,CAAC;YACL,CAAC;YAAC,OAAO,KAAK,EAAE,CAAC;gBACf,IAAI,CAAC,KAAK,CAAC,CAAC;YACd,CAAC;QACH,CAAC,CAAA,CAAC;IAEF,CAAC;CAAA;AAED,kBAAe,cAAc,CAAC","sourcesContent":["/* eslint-disable @typescript-eslint/no-explicit-any */\r\nimport HttpStatus from 'http-status-codes';\r\nimport userService from '../services/user.service';\r\n\r\n// const cookieParser = require('cookie-parser');\r\n\r\nimport { Request, Response, NextFunction } from 'express';\r\n\r\nclass UserController {\r\n  public UserService = new userService();\r\n\r\n  /**\r\n   * Controller to create new user\r\n   * @param  {object} Request - request object\r\n   * @param {object} Response - response object\r\n   * @param {Function} NextFunction\r\n   */\r\n  public register = async (\r\n    req: Request,\r\n    res: Response,\r\n    next: NextFunction\r\n  ): Promise<any> => {\r\n    try {\r\n      const data = await this.UserService.register(req.body);\r\n      res.status(HttpStatus.CREATED).json({\r\n        code: HttpStatus.CREATED,\r\n        data: data,\r\n        message: 'User Registration'\r\n      });\r\n    } catch (error) {\r\n      next(error);\r\n    }\r\n  };\r\n\r\n  /**\r\n  * Controller to get a single user\r\n  * @param  {object} Request - request object\r\n  * @param {object} Response - response object\r\n  * @param {Function} NextFunction\r\n  */\r\n  public login = async (\r\n    req: Request,\r\n    res: Response,\r\n    next: NextFunction\r\n  ): Promise<any> => {\r\n    try {\r\n      const data = await this.UserService.login(req.body.email, req.body.password);\r\n      res.status(HttpStatus.OK).json({\r\n        code: HttpStatus.OK,\r\n        data: data,\r\n        message: `User Login `\r\n      });\r\n    } catch (error) {\r\n      next(error);\r\n    }\r\n  };\r\n\r\n  /**\r\n * Controller to get a single user\r\n * @param  {object} Request - request object\r\n * @param {object} Response - response object\r\n * @param {Function} NextFunction\r\n */\r\n  public getUser = async (\r\n    req: Request,\r\n    res: Response,\r\n    next: NextFunction\r\n  ): Promise<any> => {\r\n    try {\r\n      const data = await this.UserService.getUser(req.body.id);\r\n      res.status(HttpStatus.OK).json({\r\n        code: HttpStatus.OK,\r\n        data: data,\r\n        message: 'User Profile'\r\n      });\r\n    } catch (error) {\r\n      next(error);\r\n    }\r\n  };\r\n\r\n  /**\r\n   * Controller to update a user\r\n   * @param  {object} Request - request object\r\n   * @param {object} Response - response object\r\n   * @param {Function} NextFunction\r\n   */\r\n  public updateUser = async (\r\n    req: Request,\r\n    res: Response,\r\n    next: NextFunction\r\n  ): Promise<any> => {\r\n    try {\r\n      const data = await this.UserService.updateUser(req.body.id, req.body);\r\n      res.status(HttpStatus.ACCEPTED).json({\r\n        code: HttpStatus.ACCEPTED,\r\n        data: data,\r\n        message: 'User Update'\r\n      });\r\n    } catch (error) {\r\n      next(error);\r\n    }\r\n  };\r\n\r\n    /**\r\n   * Controller to update a user\r\n   * @param  {object} Request - request object\r\n   * @param {object} Response - response object\r\n   * @param {Function} NextFunction\r\n   */\r\n    public updateUserPassword = async (\r\n      req: Request,\r\n      res: Response,\r\n      next: NextFunction\r\n    ): Promise<any> => {\r\n      try {\r\n        const data = await this.UserService.updateUser(req.body.id, req.body);\r\n        res.status(HttpStatus.ACCEPTED).json({\r\n          code: HttpStatus.ACCEPTED,\r\n          data: data,\r\n          message: 'User Update'\r\n        });\r\n      } catch (error) {\r\n        next(error);\r\n      }\r\n    };\r\n\r\n        /**\r\n   * Controller to update a user\r\n   * @param  {object} Request - request object\r\n   * @param {object} Response - response object\r\n   * @param {Function} NextFunction\r\n   */\r\n        public deleteUser = async (\r\n          req: Request,\r\n          res: Response,\r\n          next: NextFunction\r\n        ): Promise<any> => {\r\n          try {\r\n            const data = await this.UserService.deleteUser(req.body.id);\r\n            res.status(HttpStatus.ACCEPTED).json({\r\n              code: HttpStatus.ACCEPTED,\r\n              data: data,\r\n              message: 'User Delete'\r\n            });\r\n          } catch (error) {\r\n            next(error);\r\n          }\r\n        };\r\n \r\n/**\r\n   * Controller to update a user\r\n   * @param  {object} Request - request object\r\n   * @param {object} Response - response object\r\n   * @param {Function} NextFunction\r\n   */\r\npublic forgetUser = async (\r\n  req: Request,\r\n  res: Response,\r\n  next: NextFunction\r\n): Promise<any> => {\r\n  try {\r\n    const data = await this.UserService.forgetUser(req.body);\r\n    res.status(HttpStatus.ACCEPTED).json({\r\n      code: HttpStatus.ACCEPTED,\r\n      data: data,\r\n      message: 'Forgot Password'\r\n    });\r\n  } catch (error) {\r\n    next(error);\r\n  }\r\n};\r\n\r\n/**\r\n   * Controller to update a user\r\n   * @param  {object} Request - request object\r\n   * @param {object} Response - response object\r\n   * @param {Function} NextFunction\r\n   */\r\npublic reset = async (\r\n  req: Request,\r\n  res: Response,\r\n  next: NextFunction\r\n): Promise<any> => {\r\n  try {\r\n    const data = await this.UserService.reset(req.body.id, req.body.password);\r\n    res.status(HttpStatus.ACCEPTED).json({\r\n      code: HttpStatus.ACCEPTED,\r\n      data: data,\r\n      message: 'Password Reset'\r\n    });\r\n  } catch (error) {\r\n    next(error);\r\n  }\r\n};\r\n\r\n}\r\n\r\nexport default UserController;\r\n"]},"_coverageSchema":"1a1c01bbd47fc00a2c39e90264f33305004495a9","hash":"ed28062a61b987f4e269c03bfe7738512ccafc79","contentHash":"42c352e364a24d2158001bfb6adce317495cc5306f32cc931c3ea3ae86b3b2dd"},"C:\\Users\\Sakhare Sohan\\Desktop\\FundooNotes_Project\\fundooNotes\\src\\services\\user.service.ts":{"path":"C:\\Users\\Sakhare Sohan\\Desktop\\FundooNotes_Project\\fundooNotes\\src\\services\\user.service.ts","statementMap":{"0":{"start":{"line":2,"column":22},"end":{"line":12,"column":3}},"1":{"start":{"line":3,"column":4},"end":{"line":3,"column":33}},"2":{"start":{"line":3,"column":26},"end":{"line":3,"column":33}},"3":{"start":{"line":4,"column":15},"end":{"line":4,"column":52}},"4":{"start":{"line":5,"column":4},"end":{"line":7,"column":5}},"5":{"start":{"line":6,"column":6},"end":{"line":6,"column":68}},"6":{"start":{"line":6,"column":51},"end":{"line":6,"column":63}},"7":{"start":{"line":8,"column":4},"end":{"line":8,"column":39}},"8":{"start":{"line":10,"column":4},"end":{"line":10,"column":33}},"9":{"start":{"line":10,"column":26},"end":{"line":10,"column":33}},"10":{"start":{"line":11,"column":4},"end":{"line":11,"column":17}},"11":{"start":{"line":13,"column":25},"end":{"line":17,"column":2}},"12":{"start":{"line":14,"column":4},"end":{"line":14,"column":72}},"13":{"start":{"line":16,"column":4},"end":{"line":16,"column":21}},"14":{"start":{"line":18,"column":19},"end":{"line":24,"column":1}},"15":{"start":{"line":19,"column":4},"end":{"line":19,"column":42}},"16":{"start":{"line":19,"column":31},"end":{"line":19,"column":42}},"17":{"start":{"line":20,"column":17},"end":{"line":20,"column":19}},"18":{"start":{"line":21,"column":4},"end":{"line":21,"column":141}},"19":{"start":{"line":21,"column":21},"end":{"line":21,"column":141}},"20":{"start":{"line":21,"column":40},"end":{"line":21,"column":141}},"21":{"start":{"line":21,"column":109},"end":{"line":21,"column":141}},"22":{"start":{"line":22,"column":4},"end":{"line":22,"column":36}},"23":{"start":{"line":23,"column":4},"end":{"line":23,"column":18}},"24":{"start":{"line":25,"column":16},"end":{"line":33,"column":1}},"25":{"start":{"line":26,"column":28},"end":{"line":26,"column":110}},"26":{"start":{"line":26,"column":91},"end":{"line":26,"column":106}},"27":{"start":{"line":27,"column":4},"end":{"line":32,"column":7}},"28":{"start":{"line":28,"column":36},"end":{"line":28,"column":97}},"29":{"start":{"line":28,"column":42},"end":{"line":28,"column":70}},"30":{"start":{"line":28,"column":85},"end":{"line":28,"column":95}},"31":{"start":{"line":29,"column":35},"end":{"line":29,"column":100}},"32":{"start":{"line":29,"column":41},"end":{"line":29,"column":73}},"33":{"start":{"line":29,"column":88},"end":{"line":29,"column":98}},"34":{"start":{"line":30,"column":32},"end":{"line":30,"column":116}},"35":{"start":{"line":31,"column":8},"end":{"line":31,"column":78}},"36":{"start":{"line":34,"column":22},"end":{"line":36,"column":1}},"37":{"start":{"line":35,"column":4},"end":{"line":35,"column":62}},"38":{"start":{"line":37,"column":0},"end":{"line":37,"column":62}},"39":{"start":{"line":38,"column":17},"end":{"line":38,"column":61}},"40":{"start":{"line":39,"column":19},"end":{"line":39,"column":62}},"41":{"start":{"line":40,"column":15},"end":{"line":40,"column":57}},"42":{"start":{"line":41,"column":20},"end":{"line":41,"column":66}},"43":{"start":{"line":42,"column":15},"end":{"line":42,"column":32}},"44":{"start":{"line":45,"column":8},"end":{"line":45,"column":82}},"45":{"start":{"line":46,"column":8},"end":{"line":46,"column":47}},"46":{"start":{"line":47,"column":8},"end":{"line":55,"column":11}},"47":{"start":{"line":47,"column":34},"end":{"line":55,"column":10}},"48":{"start":{"line":48,"column":12},"end":{"line":54,"column":13}},"49":{"start":{"line":49,"column":29},"end":{"line":49,"column":57}},"50":{"start":{"line":50,"column":16},"end":{"line":50,"column":28}},"51":{"start":{"line":53,"column":16},"end":{"line":53,"column":27}},"52":{"start":{"line":56,"column":8},"end":{"line":70,"column":11}},"53":{"start":{"line":56,"column":42},"end":{"line":70,"column":10}},"54":{"start":{"line":57,"column":12},"end":{"line":69,"column":13}},"55":{"start":{"line":58,"column":27},"end":{"line":58,"column":79}},"56":{"start":{"line":59,"column":16},"end":{"line":65,"column":17}},"57":{"start":{"line":60,"column":34},"end":{"line":60,"column":117}},"58":{"start":{"line":61,"column":20},"end":{"line":61,"column":33}},"59":{"start":{"line":64,"column":20},"end":{"line":64,"column":58}},"60":{"start":{"line":68,"column":16},"end":{"line":68,"column":27}},"61":{"start":{"line":71,"column":8},"end":{"line":79,"column":11}},"62":{"start":{"line":71,"column":31},"end":{"line":79,"column":10}},"63":{"start":{"line":72,"column":12},"end":{"line":78,"column":13}},"64":{"start":{"line":73,"column":29},"end":{"line":73,"column":57}},"65":{"start":{"line":74,"column":16},"end":{"line":74,"column":39}},"66":{"start":{"line":77,"column":16},"end":{"line":77,"column":29}},"67":{"start":{"line":80,"column":8},"end":{"line":97,"column":11}},"68":{"start":{"line":80,"column":40},"end":{"line":97,"column":10}},"69":{"start":{"line":81,"column":12},"end":{"line":96,"column":13}},"70":{"start":{"line":82,"column":38},"end":{"line":87,"column":22}},"71":{"start":{"line":83,"column":20},"end":{"line":85,"column":21}},"72":{"start":{"line":84,"column":24},"end":{"line":84,"column":48}},"73":{"start":{"line":86,"column":20},"end":{"line":86,"column":34}},"74":{"start":{"line":88,"column":29},"end":{"line":91,"column":18}},"75":{"start":{"line":92,"column":16},"end":{"line":92,"column":28}},"76":{"start":{"line":95,"column":16},"end":{"line":95,"column":29}},"77":{"start":{"line":98,"column":8},"end":{"line":108,"column":11}},"78":{"start":{"line":98,"column":34},"end":{"line":108,"column":10}},"79":{"start":{"line":99,"column":12},"end":{"line":107,"column":13}},"80":{"start":{"line":100,"column":29},"end":{"line":102,"column":18}},"81":{"start":{"line":103,"column":16},"end":{"line":103,"column":28}},"82":{"start":{"line":106,"column":16},"end":{"line":106,"column":29}},"83":{"start":{"line":110,"column":8},"end":{"line":125,"column":11}},"84":{"start":{"line":110,"column":37},"end":{"line":125,"column":10}},"85":{"start":{"line":111,"column":12},"end":{"line":124,"column":13}},"86":{"start":{"line":112,"column":29},"end":{"line":112,"column":70}},"87":{"start":{"line":113,"column":16},"end":{"line":113,"column":34}},"88":{"start":{"line":114,"column":16},"end":{"line":120,"column":17}},"89":{"start":{"line":115,"column":34},"end":{"line":115,"column":124}},"90":{"start":{"line":116,"column":20},"end":{"line":116,"column":33}},"91":{"start":{"line":119,"column":20},"end":{"line":119,"column":43}},"92":{"start":{"line":123,"column":16},"end":{"line":123,"column":29}},"93":{"start":{"line":126,"column":8},"end":{"line":134,"column":11}},"94":{"start":{"line":126,"column":39},"end":{"line":134,"column":10}},"95":{"start":{"line":127,"column":12},"end":{"line":133,"column":13}},"96":{"start":{"line":128,"column":29},"end":{"line":128,"column":121}},"97":{"start":{"line":129,"column":16},"end":{"line":129,"column":28}},"98":{"start":{"line":132,"column":16},"end":{"line":132,"column":29}},"99":{"start":{"line":137,"column":0},"end":{"line":137,"column":30}}},"fnMap":{"0":{"name":"(anonymous_0)","decl":{"start":{"line":2,"column":74},"end":{"line":2,"column":75}},"loc":{"start":{"line":2,"column":96},"end":{"line":9,"column":1}},"line":2},"1":{"name":"(anonymous_1)","decl":{"start":{"line":6,"column":38},"end":{"line":6,"column":39}},"loc":{"start":{"line":6,"column":49},"end":{"line":6,"column":65}},"line":6},"2":{"name":"(anonymous_2)","decl":{"start":{"line":9,"column":6},"end":{"line":9,"column":7}},"loc":{"start":{"line":9,"column":28},"end":{"line":12,"column":1}},"line":9},"3":{"name":"(anonymous_3)","decl":{"start":{"line":13,"column":80},"end":{"line":13,"column":81}},"loc":{"start":{"line":13,"column":95},"end":{"line":15,"column":1}},"line":13},"4":{"name":"(anonymous_4)","decl":{"start":{"line":15,"column":5},"end":{"line":15,"column":6}},"loc":{"start":{"line":15,"column":20},"end":{"line":17,"column":1}},"line":15},"5":{"name":"(anonymous_5)","decl":{"start":{"line":18,"column":50},"end":{"line":18,"column":51}},"loc":{"start":{"line":18,"column":65},"end":{"line":24,"column":1}},"line":18},"6":{"name":"(anonymous_6)","decl":{"start":{"line":25,"column":44},"end":{"line":25,"column":45}},"loc":{"start":{"line":25,"column":89},"end":{"line":33,"column":1}},"line":25},"7":{"name":"adopt","decl":{"start":{"line":26,"column":13},"end":{"line":26,"column":18}},"loc":{"start":{"line":26,"column":26},"end":{"line":26,"column":112}},"line":26},"8":{"name":"(anonymous_8)","decl":{"start":{"line":26,"column":70},"end":{"line":26,"column":71}},"loc":{"start":{"line":26,"column":89},"end":{"line":26,"column":108}},"line":26},"9":{"name":"(anonymous_9)","decl":{"start":{"line":27,"column":36},"end":{"line":27,"column":37}},"loc":{"start":{"line":27,"column":63},"end":{"line":32,"column":5}},"line":27},"10":{"name":"fulfilled","decl":{"start":{"line":28,"column":17},"end":{"line":28,"column":26}},"loc":{"start":{"line":28,"column":34},"end":{"line":28,"column":99}},"line":28},"11":{"name":"rejected","decl":{"start":{"line":29,"column":17},"end":{"line":29,"column":25}},"loc":{"start":{"line":29,"column":33},"end":{"line":29,"column":102}},"line":29},"12":{"name":"step","decl":{"start":{"line":30,"column":17},"end":{"line":30,"column":21}},"loc":{"start":{"line":30,"column":30},"end":{"line":30,"column":118}},"line":30},"13":{"name":"(anonymous_13)","decl":{"start":{"line":34,"column":56},"end":{"line":34,"column":57}},"loc":{"start":{"line":34,"column":71},"end":{"line":36,"column":1}},"line":34},"14":{"name":"(anonymous_14)","decl":{"start":{"line":44,"column":4},"end":{"line":44,"column":5}},"loc":{"start":{"line":44,"column":18},"end":{"line":135,"column":5}},"line":44},"15":{"name":"(anonymous_15)","decl":{"start":{"line":47,"column":24},"end":{"line":47,"column":25}},"loc":{"start":{"line":47,"column":34},"end":{"line":55,"column":10}},"line":47},"16":{"name":"(anonymous_16)","decl":{"start":{"line":47,"column":66},"end":{"line":47,"column":67}},"loc":{"start":{"line":47,"column":79},"end":{"line":55,"column":9}},"line":47},"17":{"name":"(anonymous_17)","decl":{"start":{"line":56,"column":21},"end":{"line":56,"column":22}},"loc":{"start":{"line":56,"column":42},"end":{"line":70,"column":10}},"line":56},"18":{"name":"(anonymous_18)","decl":{"start":{"line":56,"column":74},"end":{"line":56,"column":75}},"loc":{"start":{"line":56,"column":87},"end":{"line":70,"column":9}},"line":56},"19":{"name":"(anonymous_19)","decl":{"start":{"line":71,"column":23},"end":{"line":71,"column":24}},"loc":{"start":{"line":71,"column":31},"end":{"line":79,"column":10}},"line":71},"20":{"name":"(anonymous_20)","decl":{"start":{"line":71,"column":63},"end":{"line":71,"column":64}},"loc":{"start":{"line":71,"column":76},"end":{"line":79,"column":9}},"line":71},"21":{"name":"(anonymous_21)","decl":{"start":{"line":80,"column":26},"end":{"line":80,"column":27}},"loc":{"start":{"line":80,"column":40},"end":{"line":97,"column":10}},"line":80},"22":{"name":"(anonymous_22)","decl":{"start":{"line":80,"column":72},"end":{"line":80,"column":73}},"loc":{"start":{"line":80,"column":85},"end":{"line":97,"column":9}},"line":80},"23":{"name":"(anonymous_23)","decl":{"start":{"line":82,"column":63},"end":{"line":82,"column":64}},"loc":{"start":{"line":82,"column":80},"end":{"line":87,"column":17}},"line":82},"24":{"name":"(anonymous_24)","decl":{"start":{"line":98,"column":26},"end":{"line":98,"column":27}},"loc":{"start":{"line":98,"column":34},"end":{"line":108,"column":10}},"line":98},"25":{"name":"(anonymous_25)","decl":{"start":{"line":98,"column":66},"end":{"line":98,"column":67}},"loc":{"start":{"line":98,"column":79},"end":{"line":108,"column":9}},"line":98},"26":{"name":"(anonymous_26)","decl":{"start":{"line":110,"column":26},"end":{"line":110,"column":27}},"loc":{"start":{"line":110,"column":37},"end":{"line":125,"column":10}},"line":110},"27":{"name":"(anonymous_27)","decl":{"start":{"line":110,"column":69},"end":{"line":110,"column":70}},"loc":{"start":{"line":110,"column":82},"end":{"line":125,"column":9}},"line":110},"28":{"name":"(anonymous_28)","decl":{"start":{"line":126,"column":21},"end":{"line":126,"column":22}},"loc":{"start":{"line":126,"column":39},"end":{"line":134,"column":10}},"line":126},"29":{"name":"(anonymous_29)","decl":{"start":{"line":126,"column":71},"end":{"line":126,"column":72}},"loc":{"start":{"line":126,"column":84},"end":{"line":134,"column":9}},"line":126}},"branchMap":{"0":{"loc":{"start":{"line":2,"column":22},"end":{"line":12,"column":3}},"type":"binary-expr","locations":[{"start":{"line":2,"column":23},"end":{"line":2,"column":27}},{"start":{"line":2,"column":31},"end":{"line":2,"column":51}},{"start":{"line":2,"column":57},"end":{"line":12,"column":2}}],"line":2},"1":{"loc":{"start":{"line":2,"column":57},"end":{"line":12,"column":2}},"type":"cond-expr","locations":[{"start":{"line":2,"column":74},"end":{"line":9,"column":1}},{"start":{"line":9,"column":6},"end":{"line":12,"column":1}}],"line":2},"2":{"loc":{"start":{"line":3,"column":4},"end":{"line":3,"column":33}},"type":"if","locations":[{"start":{"line":3,"column":4},"end":{"line":3,"column":33}},{"start":{"line":3,"column":4},"end":{"line":3,"column":33}}],"line":3},"3":{"loc":{"start":{"line":5,"column":4},"end":{"line":7,"column":5}},"type":"if","locations":[{"start":{"line":5,"column":4},"end":{"line":7,"column":5}},{"start":{"line":5,"column":4},"end":{"line":7,"column":5}}],"line":5},"4":{"loc":{"start":{"line":5,"column":8},"end":{"line":5,"column":85}},"type":"binary-expr","locations":[{"start":{"line":5,"column":8},"end":{"line":5,"column":13}},{"start":{"line":5,"column":18},"end":{"line":5,"column":84}}],"line":5},"5":{"loc":{"start":{"line":5,"column":18},"end":{"line":5,"column":84}},"type":"cond-expr","locations":[{"start":{"line":5,"column":34},"end":{"line":5,"column":47}},{"start":{"line":5,"column":50},"end":{"line":5,"column":84}}],"line":5},"6":{"loc":{"start":{"line":5,"column":50},"end":{"line":5,"column":84}},"type":"binary-expr","locations":[{"start":{"line":5,"column":50},"end":{"line":5,"column":63}},{"start":{"line":5,"column":67},"end":{"line":5,"column":84}}],"line":5},"7":{"loc":{"start":{"line":10,"column":4},"end":{"line":10,"column":33}},"type":"if","locations":[{"start":{"line":10,"column":4},"end":{"line":10,"column":33}},{"start":{"line":10,"column":4},"end":{"line":10,"column":33}}],"line":10},"8":{"loc":{"start":{"line":13,"column":25},"end":{"line":17,"column":2}},"type":"binary-expr","locations":[{"start":{"line":13,"column":26},"end":{"line":13,"column":30}},{"start":{"line":13,"column":34},"end":{"line":13,"column":57}},{"start":{"line":13,"column":63},"end":{"line":17,"column":1}}],"line":13},"9":{"loc":{"start":{"line":13,"column":63},"end":{"line":17,"column":1}},"type":"cond-expr","locations":[{"start":{"line":13,"column":80},"end":{"line":15,"column":1}},{"start":{"line":15,"column":5},"end":{"line":17,"column":1}}],"line":13},"10":{"loc":{"start":{"line":18,"column":19},"end":{"line":24,"column":1}},"type":"binary-expr","locations":[{"start":{"line":18,"column":20},"end":{"line":18,"column":24}},{"start":{"line":18,"column":28},"end":{"line":18,"column":45}},{"start":{"line":18,"column":50},"end":{"line":24,"column":1}}],"line":18},"11":{"loc":{"start":{"line":19,"column":4},"end":{"line":19,"column":42}},"type":"if","locations":[{"start":{"line":19,"column":4},"end":{"line":19,"column":42}},{"start":{"line":19,"column":4},"end":{"line":19,"column":42}}],"line":19},"12":{"loc":{"start":{"line":19,"column":8},"end":{"line":19,"column":29}},"type":"binary-expr","locations":[{"start":{"line":19,"column":8},"end":{"line":19,"column":11}},{"start":{"line":19,"column":15},"end":{"line":19,"column":29}}],"line":19},"13":{"loc":{"start":{"line":21,"column":4},"end":{"line":21,"column":141}},"type":"if","locations":[{"start":{"line":21,"column":4},"end":{"line":21,"column":141}},{"start":{"line":21,"column":4},"end":{"line":21,"column":141}}],"line":21},"14":{"loc":{"start":{"line":21,"column":40},"end":{"line":21,"column":141}},"type":"if","locations":[{"start":{"line":21,"column":40},"end":{"line":21,"column":141}},{"start":{"line":21,"column":40},"end":{"line":21,"column":141}}],"line":21},"15":{"loc":{"start":{"line":21,"column":44},"end":{"line":21,"column":107}},"type":"binary-expr","locations":[{"start":{"line":21,"column":44},"end":{"line":21,"column":59}},{"start":{"line":21,"column":63},"end":{"line":21,"column":107}}],"line":21},"16":{"loc":{"start":{"line":25,"column":16},"end":{"line":33,"column":1}},"type":"binary-expr","locations":[{"start":{"line":25,"column":17},"end":{"line":25,"column":21}},{"start":{"line":25,"column":25},"end":{"line":25,"column":39}},{"start":{"line":25,"column":44},"end":{"line":33,"column":1}}],"line":25},"17":{"loc":{"start":{"line":26,"column":35},"end":{"line":26,"column":109}},"type":"cond-expr","locations":[{"start":{"line":26,"column":56},"end":{"line":26,"column":61}},{"start":{"line":26,"column":64},"end":{"line":26,"column":109}}],"line":26},"18":{"loc":{"start":{"line":27,"column":16},"end":{"line":27,"column":34}},"type":"binary-expr","locations":[{"start":{"line":27,"column":16},"end":{"line":27,"column":17}},{"start":{"line":27,"column":22},"end":{"line":27,"column":33}}],"line":27},"19":{"loc":{"start":{"line":30,"column":32},"end":{"line":30,"column":115}},"type":"cond-expr","locations":[{"start":{"line":30,"column":46},"end":{"line":30,"column":67}},{"start":{"line":30,"column":70},"end":{"line":30,"column":115}}],"line":30},"20":{"loc":{"start":{"line":31,"column":51},"end":{"line":31,"column":67}},"type":"binary-expr","locations":[{"start":{"line":31,"column":51},"end":{"line":31,"column":61}},{"start":{"line":31,"column":65},"end":{"line":31,"column":67}}],"line":31},"21":{"loc":{"start":{"line":34,"column":22},"end":{"line":36,"column":1}},"type":"binary-expr","locations":[{"start":{"line":34,"column":23},"end":{"line":34,"column":27}},{"start":{"line":34,"column":31},"end":{"line":34,"column":51}},{"start":{"line":34,"column":56},"end":{"line":36,"column":1}}],"line":34},"22":{"loc":{"start":{"line":35,"column":11},"end":{"line":35,"column":61}},"type":"cond-expr","locations":[{"start":{"line":35,"column":37},"end":{"line":35,"column":40}},{"start":{"line":35,"column":43},"end":{"line":35,"column":61}}],"line":35},"23":{"loc":{"start":{"line":35,"column":12},"end":{"line":35,"column":33}},"type":"binary-expr","locations":[{"start":{"line":35,"column":12},"end":{"line":35,"column":15}},{"start":{"line":35,"column":19},"end":{"line":35,"column":33}}],"line":35},"24":{"loc":{"start":{"line":59,"column":16},"end":{"line":65,"column":17}},"type":"if","locations":[{"start":{"line":59,"column":16},"end":{"line":65,"column":17}},{"start":{"line":59,"column":16},"end":{"line":65,"column":17}}],"line":59},"25":{"loc":{"start":{"line":59,"column":20},"end":{"line":59,"column":75}},"type":"binary-expr","locations":[{"start":{"line":59,"column":20},"end":{"line":59,"column":24}},{"start":{"line":59,"column":29},"end":{"line":59,"column":74}}],"line":59},"26":{"loc":{"start":{"line":83,"column":20},"end":{"line":85,"column":21}},"type":"if","locations":[{"start":{"line":83,"column":20},"end":{"line":85,"column":21}},{"start":{"line":83,"column":20},"end":{"line":85,"column":21}}],"line":83},"27":{"loc":{"start":{"line":114,"column":16},"end":{"line":120,"column":17}},"type":"if","locations":[{"start":{"line":114,"column":16},"end":{"line":120,"column":17}},{"start":{"line":114,"column":16},"end":{"line":120,"column":17}}],"line":114}},"s":{"0":1,"1":0,"2":0,"3":0,"4":0,"5":0,"6":0,"7":0,"8":0,"9":0,"10":0,"11":1,"12":0,"13":0,"14":1,"15":1,"16":1,"17":0,"18":0,"19":0,"20":0,"21":0,"22":0,"23":0,"24":1,"25":24,"26":0,"27":17,"28":23,"29":23,"30":0,"31":1,"32":1,"33":0,"34":41,"35":17,"36":1,"37":3,"38":1,"39":1,"40":1,"41":1,"42":1,"43":1,"44":7,"45":7,"46":7,"47":4,"48":4,"49":4,"50":3,"51":1,"52":7,"53":3,"54":3,"55":3,"56":3,"57":2,"58":2,"59":1,"60":0,"61":7,"62":2,"63":2,"64":2,"65":2,"66":0,"67":7,"68":3,"69":3,"70":3,"71":7,"72":5,"73":7,"74":3,"75":3,"76":0,"77":7,"78":1,"79":1,"80":1,"81":1,"82":0,"83":7,"84":2,"85":2,"86":2,"87":2,"88":2,"89":2,"90":2,"91":0,"92":0,"93":7,"94":2,"95":2,"96":2,"97":2,"98":0,"99":1},"f":{"0":0,"1":0,"2":0,"3":0,"4":0,"5":1,"6":17,"7":24,"8":0,"9":17,"10":23,"11":1,"12":41,"13":3,"14":7,"15":4,"16":4,"17":3,"18":3,"19":2,"20":2,"21":3,"22":3,"23":7,"24":1,"25":1,"26":2,"27":2,"28":2,"29":2},"b":{"0":[1,1,1],"1":[1,0],"2":[0,0],"3":[0,0],"4":[0,0],"5":[0,0],"6":[0,0],"7":[0,0],"8":[1,1,1],"9":[1,0],"10":[1,1,1],"11":[1,0],"12":[1,1],"13":[0,0],"14":[0,0],"15":[0,0],"16":[1,1,1],"17":[24,0],"18":[17,17],"19":[17,24],"20":[17,17],"21":[1,1,1],"22":[2,1],"23":[3,3],"24":[2,1],"25":[3,3],"26":[5,2],"27":[2,0]},"inputSourceMap":{"version":3,"file":"C:/Users/Sakhare Sohan/Desktop/FundooNotes_Project/fundooNotes/src/services/user.service.ts","sources":["C:/Users/Sakhare Sohan/Desktop/FundooNotes_Project/fundooNotes/src/services/user.service.ts"],"names":[],"mappings":";;;;;;;;;;;;;;;;;;;;;;;;;;;;;;;;;;;;;AAAA,8DAAsC;AACtC,+DAA0D;AAC1D,0DAAkC;AAClC,mEAAuC;AACvC,MAAM,MAAM,GAAG,OAAO,CAAC,QAAQ,CAAC,CAAC;AAEjC,MAAM,WAAW;IAAjB;QACU,SAAI,GAAG,IAAA,cAAI,EAAC,kBAAS,EAAE,oBAAS,CAAC,CAAC;QAClC,UAAK,GAAG,IAAI,mBAAK,EAAE,CAAC;QAErB,aAAQ,GAAG,CAAO,IAAI,EAAE,EAAE;YAC/B,IAAI,CAAC;gBACH,MAAM,IAAI,GAAG,MAAM,IAAI,CAAC,IAAI,CAAC,MAAM,CAAC,IAAI,CAAC,CAAC;gBAC1C,OAAO,IAAI,CAAC;YACd,CAAC;YAAC,OAAO,GAAG,EAAE,CAAC;gBACb,OAAO,GAAG,CAAC;YACb,CAAC;QACH,CAAC,CAAA,CAAC;QAEK,UAAK,GAAG,CAAO,KAAK,EAAE,QAAQ,EAAE,EAAE;YACvC,IAAI,CAAC;gBACH,IAAI,IAAI,GAAG,MAAM,IAAI,CAAC,IAAI,CAAC,OAAO,CAAC,EAAE,KAAK,EAAE,EAAE,KAAK,EAAE,KAAK,EAAE,EAAE,CAAC,CAAC;gBAChE,IAAI,IAAI,KAAI,MAAM,MAAM,CAAC,OAAO,CAAC,QAAQ,EAAE,IAAI,CAAC,QAAQ,CAAC,CAAA,EAAE,CAAC;oBAC1D,MAAM,KAAK,GAAG,MAAM,IAAI,CAAC,KAAK,CAAC,QAAQ,CAAC,IAAI,CAAC,UAAU,CAAC,EAAE,EAAE,gBAAM,CAAC,WAAW,CAAC,OAAO,CAAC,CAAC;oBACxF,OAAO,KAAK,CAAC;gBACf,CAAC;qBAAM,CAAC;oBACN,OAAO,8BAA8B,CAAC;gBACxC,CAAC;YACH,CAAC;YAAC,OAAO,GAAG,EAAE,CAAC;gBACb,OAAO,GAAG,CAAC;YACb,CAAC;QACH,CAAC,CAAA,CAAC;QAEK,YAAO,GAAG,CAAO,EAAE,EAAE,EAAE;YAC5B,IAAI,CAAC;gBACH,MAAM,IAAI,GAAG,MAAM,IAAI,CAAC,IAAI,CAAC,QAAQ,CAAC,EAAE,CAAC,CAAC;gBAC1C,OAAO,IAAI,CAAC,UAAU,CAAC;YACzB,CAAC;YACD,OAAO,KAAK,EAAE,CAAC;gBACb,OAAO,KAAK,CAAC;YACf,CAAC;QACH,CAAC,CAAA,CAAC;QAEK,eAAU,GAAG,CAAO,EAAE,EAAE,IAAI,EAAE,EAAE;YACrC,IAAG,CAAC;gBACF,MAAM,aAAa,GAAG,MAAM,CAAC,IAAI,CAAC,IAAI,CAAC,CAAC,MAAM,CAAC,CAAC,MAAM,EAAE,GAAG,EAAE,EAAE;oBAC7D,IAAI,GAAG,KAAK,IAAI,EAAE,CAAC;wBACf,MAAM,CAAC,GAAG,CAAC,GAAG,IAAI,CAAC,GAAG,CAAC,CAAC;oBAC5B,CAAC;oBACD,OAAO,MAAM,CAAC;gBAClB,CAAC,EAAE,EAAE,CAAC,CAAC;gBACL,MAAM,IAAI,GAAG,MAAM,IAAI,CAAC,IAAI,CAAC,MAAM,CAAC,aAAa,EAAE;oBACjD,KAAK,EAAE,EAAE,EAAE,EAAE,EAAE,EAAE;oBACjB,eAAe,EAAE,IAAI;iBACtB,CAAC,CAAC;gBACH,OAAO,IAAI,CAAC;YACd,CAAC;YAAC,OAAO,KAAK,EAAE,CAAC;gBACf,OAAO,KAAK,CAAC;YACf,CAAC;QAEH,CAAC,CAAA,CAAC;QAEK,eAAU,GAAG,CAAO,EAAE,EAAE,EAAE;YAC/B,IAAG,CAAC;gBACF,MAAM,IAAI,GAAG,MAAM,IAAI,CAAC,IAAI,CAAC,OAAO,CAAC;oBACnC,KAAK,EAAE,EAAE,EAAE,EAAE,EAAE,EAAE;iBAClB,CAAC,CAAC;gBACH,OAAO,IAAI,CAAC;YACd,CAAC;YAAC,OAAO,KAAK,EAAE,CAAC;gBACf,OAAO,KAAK,CAAC;YACf,CAAC;QACH,CAAC,CAAA,CAAC;QAEF,gEAAgE;QAEzD,eAAU,GAAG,CAAO,KAAK,EAAE,EAAE;YAClC,IAAI,CAAC;gBACH,MAAM,IAAI,GAAG,MAAM,IAAI,CAAC,IAAI,CAAC,OAAO,CAAC,EAAE,KAAK,EAAE,KAAK,EAAE,CAAC,CAAC;gBACvD,OAAO,CAAC,GAAG,CAAC,IAAI,CAAC,CAAC;gBAClB,IAAI,IAAI,EAAC,CAAC;oBACR,MAAM,KAAK,GAAG,MAAM,IAAI,CAAC,KAAK,CAAC,QAAQ,CAAC,IAAI,CAAC,UAAU,CAAC,EAAE,EAAE,gBAAM,CAAC,WAAW,CAAC,cAAc,CAAC,CAAC;oBAC/F,OAAO,KAAK,CAAC;gBACf,CAAC;qBAAM,CAAC;oBACN,OAAO,eAAe,CAAC;gBACzB,CAAC;YAEH,CAAC;YAAC,OAAO,KAAK,EAAE,CAAC;gBACf,OAAO,KAAK,CAAC;YACf,CAAC;QAEH,CAAC,CAAA,CAAA;QAEM,UAAK,GAAG,CAAO,EAAE,EAAE,QAAQ,EAAE,EAAE;YACpC,IAAI,CAAC;gBACD,MAAM,IAAI,GAAG,MAAM,IAAI,CAAC,IAAI,CAAC,MAAM,CAAC,EAAE,QAAQ,EAAE,QAAQ,EAAE,EAAE,EAAE,KAAK,EAAE,EAAE,EAAE,EAAE,EAAE,EAAE,EAAE,eAAe,EAAE,IAAI,EAAE,CAAC,CAAC;gBAC1G,OAAO,IAAI,CAAC;YAChB,CAAC;YAAC,OAAO,KAAK,EAAE,CAAC;gBACf,OAAO,KAAK,CAAC;YACf,CAAC;QAEH,CAAC,CAAA,CAAA;IACH,CAAC;CAAA;AAED,kBAAe,WAAW,CAAC","sourcesContent":["import config from '../config/config';\r\nimport sequelize, { DataTypes } from '../config/database';\r\nimport user from '../models/user';\r\nimport utils from '../utils/user.util';\r\nconst bcrypt = require('bcrypt');\r\n\r\nclass UserService {\r\n  private User = user(sequelize, DataTypes);\r\n  private Utils = new utils();\r\n\r\n  public register = async (body) => {\r\n    try {\r\n      const data = await this.User.create(body);\r\n      return data;\r\n    } catch (err) {\r\n      return err;\r\n    }\r\n  };\r\n\r\n  public login = async (email, password) => {\r\n    try {\r\n      let data = await this.User.findOne({ where: { email: email } });\r\n      if (data && await bcrypt.compare(password, data.password)) {\r\n        const token = await this.Utils.tokenGen(data.dataValues.id, config.development.secreat);\r\n        return token;\r\n      } else {\r\n        return 'No User Was Found With Email';\r\n      }\r\n    } catch (err) {\r\n      return err;\r\n    }\r\n  };\r\n\r\n  public getUser = async (id) => {\r\n    try {\r\n      const data = await this.User.findByPk(id);\r\n      return data.dataValues;\r\n    }\r\n    catch (error) {\r\n      return error;\r\n    }\r\n  };\r\n\r\n  public updateUser = async (id, body) => {\r\n    try{\r\n      const sanitizedBody = Object.keys(body).reduce((result, key) => {\r\n        if (key !== 'id') {\r\n            result[key] = body[key];\r\n        }\r\n        return result;\r\n    }, {});\r\n      const data = await this.User.update(sanitizedBody, {\r\n        where: { id: id },\r\n        individualHooks: true,\r\n      });\r\n      return data;\r\n    } catch (error) {\r\n      return error;\r\n    }\r\n    \r\n  };\r\n\r\n  public deleteUser = async (id) => {\r\n    try{\r\n      const data = await this.User.destroy({\r\n        where: { id: id },\r\n      });\r\n      return data;\r\n    } catch (error) {\r\n      return error;\r\n    }\r\n  };\r\n\r\n  ////////////////////////////////////////////////////////////////\r\n\r\n  public forgetUser = async (email) => {\r\n    try {\r\n      const data = await this.User.findOne({ where: email });\r\n      console.log(data);\r\n      if (data){\r\n        const token = await this.Utils.tokenGen(data.dataValues.id, config.development.forget_secreat);\r\n        return token;\r\n      } else {\r\n        return 'No User Found';\r\n      }\r\n      \r\n    } catch (error) {\r\n      return error;\r\n    }\r\n\r\n  }\r\n\r\n  public reset = async (id, password) => {\r\n    try {\r\n        const data = await this.User.update({ password: password }, { where: { id: id }, individualHooks: true });\r\n        return data;\r\n    } catch (error) {\r\n      return error;\r\n    } \r\n\r\n  }\r\n}\r\n\r\nexport default UserService;\r\n\r\n\r\n"]},"_coverageSchema":"1a1c01bbd47fc00a2c39e90264f33305004495a9","hash":"4f2da22cdaf8c40b9ae627ae56744d26dd130e00","contentHash":"f6d51d9efa915922ca9757036444f4e03ed7f5c97e324556c02a6ff2235907f0"},"C:\\Users\\Sakhare Sohan\\Desktop\\FundooNotes_Project\\fundooNotes\\src\\config\\database.ts":{"path":"C:\\Users\\Sakhare Sohan\\Desktop\\FundooNotes_Project\\fundooNotes\\src\\config\\database.ts","statementMap":{"0":{"start":{"line":2,"column":22},"end":{"line":4,"column":1}},"1":{"start":{"line":3,"column":4},"end":{"line":3,"column":62}},"2":{"start":{"line":5,"column":0},"end":{"line":5,"column":62}},"3":{"start":{"line":6,"column":0},"end":{"line":6,"column":27}},"4":{"start":{"line":7,"column":20},"end":{"line":7,"column":40}},"5":{"start":{"line":10,"column":17},"end":{"line":10,"column":53}},"6":{"start":{"line":13,"column":18},"end":{"line":13,"column":38}},"7":{"start":{"line":14,"column":0},"end":{"line":14,"column":118}},"8":{"start":{"line":14,"column":83},"end":{"line":14,"column":112}},"9":{"start":{"line":16,"column":15},"end":{"line":16,"column":52}},"10":{"start":{"line":17,"column":15},"end":{"line":17,"column":52}},"11":{"start":{"line":18,"column":15},"end":{"line":18,"column":52}},"12":{"start":{"line":19,"column":11},"end":{"line":19,"column":44}},"13":{"start":{"line":20,"column":11},"end":{"line":20,"column":54}},"14":{"start":{"line":21,"column":0},"end":{"line":27,"column":1}},"15":{"start":{"line":22,"column":4},"end":{"line":22,"column":46}},"16":{"start":{"line":23,"column":4},"end":{"line":23,"column":46}},"17":{"start":{"line":24,"column":4},"end":{"line":24,"column":46}},"18":{"start":{"line":25,"column":4},"end":{"line":25,"column":38}},"19":{"start":{"line":26,"column":4},"end":{"line":26,"column":48}},"20":{"start":{"line":28,"column":18},"end":{"line":38,"column":2}},"21":{"start":{"line":39,"column":0},"end":{"line":48,"column":3}},"22":{"start":{"line":42,"column":4},"end":{"line":42,"column":46}},"23":{"start":{"line":46,"column":4},"end":{"line":46,"column":69}},"24":{"start":{"line":49,"column":0},"end":{"line":49,"column":32}},"25":{"start":{"line":50,"column":0},"end":{"line":50,"column":28}}},"fnMap":{"0":{"name":"(anonymous_0)","decl":{"start":{"line":2,"column":56},"end":{"line":2,"column":57}},"loc":{"start":{"line":2,"column":71},"end":{"line":4,"column":1}},"line":2},"1":{"name":"(anonymous_1)","decl":{"start":{"line":14,"column":69},"end":{"line":14,"column":70}},"loc":{"start":{"line":14,"column":81},"end":{"line":14,"column":114}},"line":14},"2":{"name":"(anonymous_2)","decl":{"start":{"line":41,"column":10},"end":{"line":41,"column":11}},"loc":{"start":{"line":41,"column":16},"end":{"line":44,"column":1}},"line":41},"3":{"name":"(anonymous_3)","decl":{"start":{"line":45,"column":11},"end":{"line":45,"column":12}},"loc":{"start":{"line":45,"column":22},"end":{"line":48,"column":1}},"line":45}},"branchMap":{"0":{"loc":{"start":{"line":2,"column":22},"end":{"line":4,"column":1}},"type":"binary-expr","locations":[{"start":{"line":2,"column":23},"end":{"line":2,"column":27}},{"start":{"line":2,"column":31},"end":{"line":2,"column":51}},{"start":{"line":2,"column":56},"end":{"line":4,"column":1}}],"line":2},"1":{"loc":{"start":{"line":3,"column":11},"end":{"line":3,"column":61}},"type":"cond-expr","locations":[{"start":{"line":3,"column":37},"end":{"line":3,"column":40}},{"start":{"line":3,"column":43},"end":{"line":3,"column":61}}],"line":3},"2":{"loc":{"start":{"line":3,"column":12},"end":{"line":3,"column":33}},"type":"binary-expr","locations":[{"start":{"line":3,"column":12},"end":{"line":3,"column":15}},{"start":{"line":3,"column":19},"end":{"line":3,"column":33}}],"line":3},"3":{"loc":{"start":{"line":21,"column":0},"end":{"line":27,"column":1}},"type":"if","locations":[{"start":{"line":21,"column":0},"end":{"line":27,"column":1}},{"start":{"line":21,"column":0},"end":{"line":27,"column":1}}],"line":21}},"s":{"0":1,"1":1,"2":1,"3":1,"4":1,"5":1,"6":1,"7":1,"8":15,"9":1,"10":1,"11":1,"12":1,"13":1,"14":1,"15":1,"16":1,"17":1,"18":1,"19":1,"20":1,"21":1,"22":1,"23":0,"24":1,"25":1},"f":{"0":1,"1":15,"2":1,"3":0},"b":{"0":[1,1,1],"1":[0,1],"2":[1,1],"3":[1,0]},"inputSourceMap":{"version":3,"file":"C:/Users/Sakhare Sohan/Desktop/FundooNotes_Project/fundooNotes/src/config/database.ts","sources":["C:/Users/Sakhare Sohan/Desktop/FundooNotes_Project/fundooNotes/src/config/database.ts"],"names":[],"mappings":";;;;;;AAAA,yCAAiD;AACjD,iCAAiC;AAEjC,qBAAqB;AACrB,sDAA8B;AAC9B,+BAA+B;AAC/B,mBAAmB;AAEnB,uCAAsC;AAA7B,sGAAA,SAAS,OAAA;AAElB,gCAAgC;AAEhC,IAAI,QAAQ,GAAG,gBAAM,CAAC,WAAW,CAAC,QAAQ,CAAC;AAC3C,IAAI,QAAQ,GAAG,gBAAM,CAAC,WAAW,CAAC,QAAQ,CAAC;AAC3C,IAAI,QAAQ,GAAG,gBAAM,CAAC,WAAW,CAAC,QAAQ,CAAC;AAC3C,IAAI,IAAI,GAAG,gBAAM,CAAC,WAAW,CAAC,IAAI,CAAC;AACnC,IAAI,IAAI,GAAG,QAAQ,CAAC,gBAAM,CAAC,WAAW,CAAC,IAAI,CAAC,CAAC;AAE7C,IAAI,OAAO,CAAC,GAAG,CAAC,QAAQ,KAAK,MAAM,EAAE,CAAC;IACpC,QAAQ,GAAG,gBAAM,CAAC,IAAI,CAAC,QAAQ,CAAC;IAChC,QAAQ,GAAG,gBAAM,CAAC,IAAI,CAAC,QAAQ,CAAC;IAChC,QAAQ,GAAG,gBAAM,CAAC,IAAI,CAAC,QAAQ,CAAC;IAChC,IAAI,GAAG,gBAAM,CAAC,IAAI,CAAC,IAAI,CAAC;IACxB,IAAI,GAAG,QAAQ,CAAC,gBAAM,CAAC,IAAI,CAAC,IAAI,CAAC,CAAC;AACpC,CAAC;AACD,MAAM,SAAS,GAAG,IAAI,qBAAS,CAAC,QAAQ,EAAE,QAAQ,EAAE,QAAQ,EAAE;IAC5D,IAAI,EAAE,IAAI;IACV,IAAI,EAAE,IAAI;IACV,OAAO,EAAE,UAAU;IACnB,IAAI,EAAE;QACJ,GAAG,EAAE,CAAC;QACN,GAAG,EAAE,CAAC;QACN,OAAO,EAAE,KAAK;QACd,IAAI,EAAE,KAAK;KACZ;CACF,CAAC,CAAC;AAEH,SAAS;KACN,YAAY,EAAE;KACd,IAAI,CAAC,GAAG,EAAE;IACT,OAAO,CAAC,GAAG,CAAC,4BAA4B,CAAC,CAAC;IAC1C,6CAA6C;AAC/C,CAAC,CAAC;KACD,KAAK,CAAC,CAAC,KAAK,EAAE,EAAE;IACf,OAAO,CAAC,GAAG,CAAC,oCAAoC,EAAE,KAAK,CAAC,OAAO,CAAC,CAAC;IACjE,6DAA6D;AAC/D,CAAC,CAAC,CAAC;AAEL,SAAS,CAAC,IAAI,CAAC,EAAC,KAAK,EAAE,IAAI,EAAC,CAAC,CAAC;AAE9B,kBAAe,SAAS,CAAC","sourcesContent":["import { DataTypes, Sequelize } from 'sequelize';\r\n// import Logg
[...]
f29c1208ea43c18d033d8b807e15"},"C:\\Users\\Sakhare Sohan\\Desktop\\FundooNotes_Project\\fundooNotes\\src\\middlewares\\error.middleware.ts":{"path":"C:\\Users\\Sakhare Sohan\\Desktop\\FundooNotes_Project\\fundooNotes\\src\\middlewares\\error.middleware.ts","statementMap":{"0":{"start":{"line":2,"column":22},"end":{"line":4,"column":1}},"1":{"start":{"line":3,"column":4},"end":{"line":3,"column":62}},"2":{"start":{"line":5,"column":0},"end":{"line":5,"column":62}},"3":{"start":{"line":10,"column":28},"end":{"line":10,"column":73}},"4":{"start":{"line":11,"column":17},"end":{"line":11,"column":61}},"5":{"start":{"line":20,"column":8},"end":{"line":25,"column":10}},"6":{"start":{"line":21,"column":12},"end":{"line":24,"column":15}},"7":{"start":{"line":36,"column":8},"end":{"line":53,"column":10}},"8":{"start":{"line":37,"column":12},"end":{"line":52,"column":13}},"9":{"start":{"line":38,"column":16},"end":{"line":44,"column":7}},"10":{"start":{"line":45,"column":16},"end":{"line":48,"column":19}},"11":{"start":{"line":51,"column":16},"end":{"line":51,"column":26}},"12":{"start":{"line":63,"column":8},"end":{"line":76,"column":10}},"13":{"start":{"line":64,"column":12},"end":{"line":70,"column":5}},"14":{"start":{"line":71,"column":12},"end":{"line":75,"column":15}},"15":{"start":{"line":77,"column":8},"end":{"line":77,"column":46}},"16":{"start":{"line":80,"column":0},"end":{"line":80,"column":34}}},"fnMap":{"0":{"name":"(anonymous_0)","decl":{"start":{"line":2,"column":56},"end":{"line":2,"column":57}},"loc":{"start":{"line":2,"column":71},"end":{"line":4,"column":1}},"line":2},"1":{"name":"(anonymous_1)","decl":{"start":{"line":13,"column":4},"end":{"line":13,"column":5}},"loc":{"start":{"line":13,"column":18},"end":{"line":78,"column":5}},"line":13},"2":{"name":"(anonymous_2)","decl":{"start":{"line":20,"column":24},"end":{"line":20,"column":25}},"loc":{"start":{"line":20,"column":38},"end":{"line":25,"column":9}},"line":20},"3":{"name":"(anonymous_3)","decl":{"start":{"line":36,"column":31},"end":{"line":36,"column":32}},"loc":{"start":{"line":36,"column":56},"end":{"line":53,"column":9}},"line":36},"4":{"name":"(anonymous_4)","decl":{"start":{"line":63,"column":35},"end":{"line":63,"column":36}},"loc":{"start":{"line":63,"column":60},"end":{"line":76,"column":9}},"line":63}},"branchMap":{"0":{"loc":{"start":{"line":2,"column":22},"end":{"line":4,"column":1}},"type":"binary-expr","locations":[{"start":{"line":2,"column":23},"end":{"line":2,"column":27}},{"start":{"line":2,"column":31},"end":{"line":2,"column":51}},{"start":{"line":2,"column":56},"end":{"line":4,"column":1}}],"line":2},"1":{"loc":{"start":{"line":3,"column":11},"end":{"line":3,"column":61}},"type":"cond-expr","locations":[{"start":{"line":3,"column":37},"end":{"line":3,"column":40}},{"start":{"line":3,"column":43},"end":{"line":3,"column":61}}],"line":3},"2":{"loc":{"start":{"line":3,"column":12},"end":{"line":3,"column":33}},"type":"binary-expr","locations":[{"start":{"line":3,"column":12},"end":{"line":3,"column":15}},{"start":{"line":3,"column":19},"end":{"line":3,"column":33}}],"line":3},"3":{"loc":{"start":{"line":37,"column":12},"end":{"line":52,"column":13}},"type":"if","locations":[{"start":{"line":37,"column":12},"end":{"line":52,"column":13}},{"start":{"line":37,"column":12},"end":{"line":52,"column":13}}],"line":37},"4":{"loc":{"start":{"line":37,"column":16},"end":{"line":37,"column":56}},"type":"binary-expr","locations":[{"start":{"line":37,"column":16},"end":{"line":37,"column":24}},{"start":{"line":37,"column":28},"end":{"line":37,"column":56}}],"line":37}},"s":{"0":1,"1":2,"2":1,"3":1,"4":1,"5":1,"6":0,"7":1,"8":0,"9":0,"10":0,"11":0,"12":1,"13":0,"14":0,"15":1,"16":1},"f":{"0":2,"1":1,"2":0,"3":0,"4":0},"b":{"0":[1,1,1],"1":[2,0],"2":[2,2],"3":[0,0],"4":[0,0]},"inputSourceMap":{"version":3,"file":"C:/Users/Sakhare Sohan/Desktop/FundooNotes_Project/fundooNotes/src/middlewares/error.middleware.ts","sources":["C:/Users/Sakhare Sohan/Desktop/FundooNotes_Project/fundooNotes/src/middlewares/error.middleware.ts"],"names":[],"mappings":";;;;;AAAA,sEAAsE;AACtE,uDAAuD;AACvD,mCAAmC;AACnC,sDAAsD;AACtD,0EAA2C;AAC3C,8DAAsC;AAGtC,MAAM,eAAe;IAGnB;QAIA;;;;;WAKG;QACI,aAAQ,GAAG,CAAC,GAAY,EAAE,GAAa,EAAQ,EAAE;YACtD,GAAG,CAAC,MAAM,CAAC,2BAAU,CAAC,SAAS,CAAC,CAAC,IAAI,CAAC;gBACpC,IAAI,EAAE,2BAAU,CAAC,SAAS;gBAC1B,OAAO,EAAE,wBAAwB;aAClC,CAAC,CAAC;QACL,CAAC,CAAC;QAEF;;;;;;;;WAQG;QACH,0CAA0C;QACnC,oBAAe,GAAG,CACvB,GAAQ,EACR,GAAY,EACZ,GAAa,EACb,IAAkB,EACZ,EAAE;YACR,IAAI,GAAG,CAAC,IAAI,IAAI,OAAO,GAAG,CAAC,IAAI,KAAK,QAAQ,EAAE,CAAC;gBAC7C,IAAI,CAAC,MAAM,CAAC,KAAK,CAAC;iBACP,GAAG,CAAC,IAAI;kBACP,GAAG,CAAC,OAAO;cACf,GAAG,CAAC,WAAW;iBACZ,GAAG,CAAC,MAAM;aACd,GAAG,CAAC,EAAE;KACd,CAAC,CAAC;gBACD,GAAG,CAAC,MAAM,CAAC,GAAG,CAAC,IAAI,CAAC,CAAC,IAAI,CAAC;oBACxB,IAAI,EAAE,GAAG,CAAC,IAAI;oBACd,OAAO,EAAE,GAAG,CAAC,OAAO;iBACrB,CAAC,CAAC;YACL,CAAC;iBAAM,CAAC;gBACN,IAAI,CAAC,GAAG,CAAC,CAAC;YACZ,CAAC;QACH,CAAC,CAAC;QAEF;;;;;;;WAOG;QACH,0CAA0C;QACnC,wBAAmB,GAAG,CAC3B,GAAQ,EACR,GAAY,EACZ,GAAa,EACb,IAAkB,EACZ,EAAE;YACR,IAAI,CAAC,MAAM,CAAC,KAAK,CAAC;eACP,2BAAU,CAAC,qBAAqB;gBAC/B,GAAG,CAAC,KAAK;YACb,GAAG,CAAC,WAAW;eACZ,GAAG,CAAC,MAAM;WACd,GAAG,CAAC,EAAE;GACd,CAAC,CAAC;YAED,GAAG,CAAC,MAAM,CAAC,2BAAU,CAAC,qBAAqB,CAAC,CAAC,IAAI,CAAC;gBAChD,IAAI,EAAE,2BAAU,CAAC,qBAAqB;gBACtC,IAAI,EAAE,EAAE;gBACR,OAAO,EAAE,GAAG,CAAC,OAAO;aACrB,CAAC,CAAC;QACL,CAAC,CAAC;QA7EA,IAAI,CAAC,MAAM,GAAG,gBAAM,CAAC,MAAM,CAAC;IAC9B,CAAC;CA6EF;AAED,kBAAe,eAAe,CAAC","sourcesContent":["/* eslint-disable @typescript-eslint/explicit-module-boundary-types */\n/* eslint-disable @typescript-eslint/no-explicit-any */\n/* eslint-disable no-unused-vars */\n/* eslint-disable @typescript-eslint/no-unused-vars */\nimport HttpStatus from 'http-status-codes';\nimport Logger from '../config/logger';\nimport { Request, Response, NextFunction } from 'express';\n\nclass ErrorMiddleware {\n  private logger;\n\n  constructor() {\n    this.logger = Logger.logger;\n  }\n\n  /**\n   * Error response middleware for 404 not found.\n   *\n   * @param {Object} req\n   * @param {Object} res\n   */\n  public notFound = (req: Request, res: Response): void => {\n    res.status(HttpStatus.NOT_FOUND).json({\n      code: HttpStatus.NOT_FOUND,\n      message: 'Ooops, route not found'\n    });\n  };\n\n  /**\n   * Error response middleware for handling\n   * all app errors except generic errors.\n   *\n   * @param  {Object}   err\n   * @param  {Object}   req\n   * @param  {Object}   res\n   * @param  {Function} next\n   */\n  // eslint-disable-next-line no-unused-vars\n  public appErrorHandler = (\n    err: any,\n    req: Request,\n    res: Response,\n    next: NextFunction\n  ): void => {\n    if (err.code && typeof err.code === 'number') {\n      this.logger.error(`\n      status - ${err.code}\n      message - ${err.message} \n      url - ${req.originalUrl} \n      method - ${req.method} \n      IP - ${req.ip}\n    `);\n      res.status(err.code).json({\n        code: err.code,\n        message: err.message\n      });\n    } else {\n      next(err);\n    }\n  };\n\n  /**\n   * Generic error response middleware for internal server errors.\n   *\n   * @param  {Object}   err\n   * @param  {Object}   req\n   * @param  {Object}   res\n   * @param  {Function} next\n   */\n  // eslint-disable-next-line no-unused-vars\n  public genericErrorHandler = (\n    err: any,\n    req: Request,\n    res: Response,\n    next: NextFunction\n  ): void => {\n    this.logger.error(`\n    status - ${HttpStatus.INTERNAL_SERVER_ERROR} \n    message - ${err.stack} \n    url - ${req.originalUrl} \n    method - ${req.method} \n    IP - ${req.ip}\n  `);\n\n    res.status(HttpStatus.INTERNAL_SERVER_ERROR).json({\n      code: HttpStatus.INTERNAL_SERVER_ERROR,\n      data: '',\n      message: err.message\n    });\n  };\n}\n\nexport default ErrorMiddleware;\n"]},"_coverageSchema":"1a1c01bbd47fc00a2c39e90264f33305004495a9","hash":"654f128443a1f5c750cf1b6150d2abbe88bb0bc2","contentHash":"608f84153de7e02788fd4289807567b4c2ffc5333087ad9c858cf38b8c01b1c2"},"C:\\Users\\Sakhare Sohan\\Desktop\\FundooNotes_Project\\fundooNotes\\src\\config\\logger.ts":{"path":"C:\\Users\\Sakhare Sohan\\Desktop\\FundooNotes_Project\\fundooNotes\\src\\config\\logger.ts","statementMap":{"0":{"start":{"line":2,"column":22},"end":{"line":12,"column":3}},"1":{"start":{"line":3,"column":4},"end":{"line":3,"column":33}},"2":{"start":{"line":3,"column":26},"end":{"line":3,"column":33}},"3":{"start":{"line":4,"column":15},"end":{"line":4,"column":52}},"4":{"start":{"line":5,"column":4},"end":{"line":7,"column":5}},"5":{"start":{"line":6,"column":6},"end":{"line":6,"column":68}},"6":{"start":{"line":6,"column":51},"end":{"line":6,"column":63}},"7":{"start":{"line":8,"column":4},"end":{"line":8,"column":39}},"8":{"start":{"line":10,"column":4},"end":{"line":10,"column":33}},"9":{"start":{"line":10,"column":26},"end":{"line":10,"column":33}},"10":{"start":{"line":11,"column":4},"end":{"line":11,"column":17}},"11":{"start":{"line":13,"column":25},"end":{"line":17,"column":2}},"12":{"start":{"line":14,"column":4},"end":{"line":14,"column":72}},"13":{"start":{"line":16,"column":4},"end":{"line":16,"column":21}},"14":{"start":{"line":18,"column":19},"end":{"line":24,"column":1}},"15":{"start":{"line":19,"column":4},"end":{"line":19,"column":42}},"16":{"start":{"line":19,"column":31},"end":{"line":19,"column":42}},"17":{"start":{"line":20,"column":17},"end":{"line":20,"column":19}},"18":{"start":{"line":21,"column":4},"end":{"line":21,"column":141}},"19":{"start":{"line":21,"column":21},"end":{"line":21,"column":141}},"20":{"start":{"line":21,"column":40},"end":{"line":21,"column":141}},"21":{"start":{"line":21,"column":109},"end":{"line":21,"column":141}},"22":{"start":{"line":22,"column":4},"end":{"line":22,"column":36}},"23":{"start":{"line":23,"column":4},"end":{"line":23,"column":18}},"24":{"start":{"line":25,"column":0},"end":{"line":25,"column":62}},"25":{"start":{"line":26,"column":18},"end":{"line":26,"column":50}},"26":{"start":{"line":27,"column":0},"end":{"line":27,"column":37}},"27":{"start":{"line":33,"column":0},"end":{"line":58,"column":3}},"28":{"start":{"line":59,"column":0},"end":{"line":92,"column":2}},"29":{"start":{"line":69,"column":29},"end":{"line":89,"column":10}},"30":{"start":{"line":90,"column":8},"end":{"line":90,"column":46}},"31":{"start":{"line":93,"column":0},"end":{"line":93,"column":25}}},"fnMap":{"0":{"name":"(anonymous_0)","decl":{"start":{"line":2,"column":74},"end":{"line":2,"column":75}},"loc":{"start":{"line":2,"column":96},"end":{"line":9,"column":1}},"line":2},"1":{"name":"(anonymous_1)","decl":{"start":{"line":6,"column":38},"end":{"line":6,"column":39}},"loc":{"start":{"line":6,"column":49},"end":{"line":6,"column":65}},"line":6},"2":{"name":"(anonymous_2)","decl":{"start":{"line":9,"column":6},"end":{"line":9,"column":7}},"loc":{"start":{"line":9,"column":28},"end":{"line":12,"column":1}},"line":9},"3":{"name":"(anonymous_3)","decl":{"start":{"line":13,"column":80},"end":{"line":13,"column":81}},"loc":{"start":{"line":13,"column":95},"end":{"line":15,"column":1}},"line":13},"4":{"name":"(anonymous_4)","decl":{"start":{"line":15,"column":5},"end":{"line":15,"column":6}},"loc":{"start":{"line":15,"column":20},"end":{"line":17,"column":1}},"line":15},"5":{"name":"(anonymous_5)","decl":{"start":{"line":18,"column":50},"end":{"line":18,"column":51}},"loc":{"start":{"line":18,"column":65},"end":{"line":24,"column":1}},"line":18},"6":{"name":"(anonymous_6)","decl":{"start":{"line":65,"column":4},"end":{"line":65,"column":5}},"loc":{"start":{"line":65,"column":19},"end":{"line":91,"column":5}},"line":65}},"branchMap":{"0":{"loc":{"start":{"line":2,"column":22},"end":{"line":12,"column":3}},"type":"binary-expr","locations":[{"start":{"line":2,"column":23},"end":{"line":2,"column":27}},{"start":{"line":2,"column":31},"end":{"line":2,"column":51}},{"start":{"line":2,"column":57},"end":{"line":12,"column":2}}],"line":2},"1":{"loc":{"start":{"line":2,"column":57},"end":{"line":12,"column":2}},"type":"cond-expr","locations":[{"start":{"line":2,"column":74},"end":{"line":9,"column":1}},{"start":{"line":9,"column":6},"end":{"line":12,"column":1}}],"line":2},"2":{"loc":{"start":{"line":3,"column":4},"end":{"line":3,"column":33}},"type":"if","locations":[{"start":{"line":3,"column":4},"end":{"line":3,"column":33}},{"start":{"line":3,"column":4},"end":{"line":3,"column":33}}],"line":3},"3":{"loc":{"start":{"line":5,"column":4},"end":{"line":7,"column":5}},"type":"if","locations":[{"start":{"line":5,"column":4},"end":{"line":7,"column":5}},{"start":{"line":5,"column":4},"end":{"line":7,"column":5}}],"line":5},"4":{"loc":{"start":{"line":5,"column":8},"end":{"line":5,"column":85}},"type":"binary-expr","locations":[{"start":{"line":5,"column":8},"end":{"line":5,"column":13}},{"start":{"line":5,"column":18},"end":{"line":5,"column":84}}],"line":5},"5":{"loc":{"start":{"line":5,"column":18},"end":{"line":5,"column":84}},"type":"cond-expr","locations":[{"start":{"line":5,"column":34},"end":{"line":5,"column":47}},{"start":{"line":5,"column":50},"end":{"line":5,"column":84}}],"line":5},"6":{"loc":{"start":{"line":5,"column":50},"end":{"line":5,"column":84}},"type":"binary-expr","locations":[{"start":{"line":5,"column":50},"end":{"line":5,"column":63}},{"start":{"line":5,"column":67},"end":{"line":5,"column":84}}],"line":5},"7":{"loc":{"start":{"line":10,"column":4},"end":{"line":10,"column":33}},"type":"if","locations":[{"start":{"line":10,"column":4},"end":{"line":10,"column":33}},{"start":{"line":10,"column":4},"end":{"line":10,"column":33}}],"line":10},"8":{"loc":{"start":{"line":13,"column":25},"end":{"line":17,"column":2}},"type":"binary-expr","locations":[{"start":{"line":13,"column":26},"end":{"line":13,"column":30}},{"start":{"line":13,"column":34},"end":{"line":13,"column":57}},{"start":{"line":13,"column":63},"end":{"line":17,"column":1}}],"line":13},"9":{"loc":{"start":{"line":13,"column":63},"end":{"line":17,"column":1}},"type":"cond-expr","locations":[{"start":{"line":13,"column":80},"end":{"line":15,"column":1}},{"start":{"line":15,"column":5},"end":{"line":17,"column":1}}],"line":13},"10":{"loc":{"start":{"line":18,"column":19},"end":{"line":24,"column":1}},"type":"binary-expr","locations":[{"start":{"line":18,"column":20},"end":{"line":18,"column":24}},{"start":{"line":18,"column":28},"end":{"line":18,"column":45}},{"start":{"line":18,"column":50},"end":{"line":24,"column":1}}],"line":18},"11":{"loc":{"start":{"line":19,"column":4},"end":{"line":19,"column":42}},"type":"if","locations":[{"start":{"line":19,"column":4},"end":{"line":19,"column":42}},{"start":{"line":19,"column":4},"end":{"line":19,"column":42}}],"line":19},"12":{"loc":{"start":{"line":19,"column":8},"end":{"line":19,"column":29}},"type":"binary-expr","locations":[{"start":{"line":19,"column":8},"end":{"line":19,"column":11}},{"start":{"line":19,"column":15},"end":{"line":19,"column":29}}],"line":19},"13":{"loc":{"start":{"line":21,"column":4},"end":{"line":21,"column":141}},"type":"if","locations":[{"start":{"line":21,"column":4},"end":{"line":21,"column":141}},{"start":{"line":21,"column":4},"end":{"line":21,"column":141}}],"line":21},"14":{"loc":{"start":{"line":21,"column":40},"end":{"line":21,"column":141}},"type":"if","locations":[{"start":{"line":21,"column":40},"end":{"line":21,"column":141}},{"start":{"line":21,"column":40},"end":{"line":21,"column":141}}],"line":21},"15":{"loc":{"start":{"line":21,"column":44},"end":{"line":21,"column":107}},"type":"binary-expr","locations":[{"start":{"line":21,"column":44},"end":{"line":21,"column":59}},{"start":{"line":21,"column":63},"end":{"line":21,"column":107}}],"line":21}},"s":{"0":1,"1":38,"2":38,"3":38,"4":38,"5":38,"6":39,"7":38,"8":0,"9":0,"10":0,"11":1,"12":1,"13":0,"14":1,"15":1,"16":0,"17":1,"18":1,"19":1,"20":38,"21":38,"22":1,"23":1,"24":1,"25":1,"26":1,"27":1,"28":1,"29":18,"30":18,"31":1},"f":{"0":38,"1":39,"2":0,"3":1,"4":0,"5":1,"6":18},"b":{"0":[1,1,1],"1":[1,0],"2":[38,0],"3":[38,0],"4":[38,38],"5":[0,38],"6":[38,0],"7":[0,0],"8":[1,1,1],"9":[1,0],"10":[1,1,1],"11":[0,1],"12":[1,1],"13":[1,0],"14":[38,0],"15":[38,38]},"inputSourceMap":{"version":3,"file":"C:/Users/Sakhare Sohan/Desktop/FundooNotes_Project/fundooNotes/src/config/logger.ts","sources":["C:/Users/Sakhare Sohan/Desktop/FundooNotes_Project/fundooNotes/src/config/logger.ts"],"names":[],"mappings":";;;;;;;;;;;;;;;;;;;;;;;;;AAAA,mDAA0C;AAC1C,qCAAmC;AAEnC,MAAM,MAAM;;AACV;;GAEG;AACI,aAAM,GAAG,iBAAO,CAAC,YAAY,CAAC;IACnC,MAAM,EAAE,gBAAM,CAAC,OAAO,CAAC,gBAAM,CAAC,SAAS,EAAE,EAAE,gBAAM,CAAC,MAAM,EAAE,CAAC;IAC3D,UAAU,EAAE;QACV,IAAI,iBAAO,CAAC,UAAU,CAAC,IAAI,CAAC;YAC1B,QAAQ,EAAE,uBAAuB;YACjC,KAAK,EAAE,OAAO;YACd,gBAAgB,EAAE,IAAI;SACvB,CAAC;QACF,IAAI,iBAAO,CAAC,UAAU,CAAC,IAAI,CAAC;YAC1B,QAAQ,EAAE,qBAAqB;YAC/B,KAAK,EAAE,MAAM;YACb,gBAAgB,EAAE,IAAI;SACvB,CAAC;QACF,IAAI,iBAAO,CAAC,UAAU,CAAC,eAAe,CAAC;YACrC,QAAQ,EAAE,KAAK;YACf,KAAK,EAAE,MAAM;YACb,OAAO,EAAE,mBAAmB;YAC5B,WAAW,EAAE,YAAY;YACzB,QAAQ,EAAE,YAAY;SACvB,CAAC;QACF,IAAI,iBAAO,CAAC,UAAU,CAAC,OAAO,CAAC;YAC7B,KAAK,EAAE,OAAO;YACd,gBAAgB,EAAE,IAAI;SACvB,CAAC;KACH;CACF,CAAC,CAAC;AAEI,gBAAS,GAAG;IACjB;;;;OAIG;IACH,KAAK,CAAC,OAAO;QACX;;WAEG;QACH,MAAM,YAAY,GAAG,iBAAO,CAAC,YAAY,CAAC;YACxC,MAAM,EAAE,gBAAM,CAAC,OAAO,CAAC,gBAAM,CAAC,MAAM,EAAE,CAAC;YACvC,UAAU,EAAE;gBACV,IAAI,iBAAO,CAAC,UAAU,CAAC,IAAI,CAAC;oBAC1B,QAAQ,EAAE,uBAAuB;oBACjC,KAAK,EAAE,OAAO;oBACd,gBAAgB,EAAE,IAAI;iBACvB,CAAC;gBACF,IAAI,iBAAO,CAAC,UAAU,CAAC,OAAO,CAAC;oBAC7B,KAAK,EAAE,OAAO;oBACd,gBAAgB,EAAE,IAAI;iBACvB,CAAC;gBACF,IAAI,iBAAO,CAAC,UAAU,CAAC,eAAe,CAAC;oBACrC,QAAQ,EAAE,KAAK;oBACf,KAAK,EAAE,MAAM;oBACb,OAAO,EAAE,qBAAqB;oBAC9B,WAAW,EAAE,YAAY;oBACzB,QAAQ,EAAE,YAAY;iBACvB,CAAC;aACH;SACF,CAAC,CAAC;QACH,YAAY,CAAC,IAAI,CAAC,OAAO,CAAC,QAAQ,EAAE,CAAC,CAAC;IACxC,CAAC;CACF,CAAC;AAGJ,kBAAe,MAAM,CAAC","sourcesContent":["import winston, { format } from 'winston';\nimport 'winston-daily-rotate-file';\n\nclass Logger {\n  /**\n   * Logger handles all logs in the application\n   */\n  static logger = winston.createLogger({\n    format: format.combine(format.timestamp(), format.simple()),\n    transports: [\n      new winston.transports.File({\n        filename: 'logs/server/error.log',\n        level: 'error',\n        handleExceptions: true\n      }),\n      new winston.transports.File({\n        filename: 'logs/server/all.log',\n        level: 'info',\n        handleExceptions: true\n      }),\n      new winston.transports.DailyRotateFile({\n        maxFiles: '14d',\n        level: 'info',\n        dirname: 'logs/server/daily',\n        datePattern: 'YYYY-MM-DD',\n        filename: '%DATE%.log'\n      }),\n      new winston.transports.Console({\n        level: 'debug',\n        handleExceptions: true\n      })\n    ]\n  });\n\n  static logStream = {\n    /**\n     * A writable stream for winston logger.\n     *\n     * @param {any} message\n     */\n    write(message) {\n      /**\n       * morganLogger logs all http request in a dedicated file and on console\n       */\n      const morganLogger = winston.createLogger({\n        format: format.combine(format.simple()),\n        transports: [\n          new winston.transports.File({\n            filename: 'logs/requests/all.log',\n            level: 'debug',\n            handleExceptions: true\n          }),\n          new winston.transports.Console({\n            level: 'debug',\n            handleExceptions: true\n          }),\n          new winston.transports.DailyRotateFile({\n            maxFiles: '14d',\n            level: 'info',\n            dirname: 'logs/requests/daily',\n            datePattern: 'YYYY-MM-DD',\n            filename: '%DATE%.log'\n          })\n        ]\n      });\n      morganLogger.info(message.toString());\n    }\n  };\n}\n\nexport default Logger;\n"]},"_coverageSchema":"1a1c01bbd47fc00a2c39e90264f33305004495a9","hash":"1108c0c1fb4d702fdd8b57358621841f067a361d","contentHash":"f80e01fd4d275ac295c50213d56283e7583f7314eb9cdde230c169396f6ca3d0"}}