TN:
SF:src\index.ts
FN:30,(anonymous_1)
FN:42,(anonymous_2)
FN:51,(anonymous_3)
FN:54,(anonymous_4)
FN:59,(anonymous_5)
FN:65,(anonymous_6)
FN:66,(anonymous_7)
FN:73,(anonymous_8)
FNF:8
FNH:7
FNDA:1,(anonymous_1)
FNDA:1,(anonymous_2)
FNDA:1,(anonymous_3)
FNDA:0,(anonymous_4)
FNDA:1,(anonymous_5)
FNDA:1,(anonymous_6)
FNDA:1,(anonymous_7)
FNDA:18,(anonymous_8)
DA:3,1
DA:5,1
DA:6,1
DA:7,1
DA:8,1
DA:10,1
DA:11,1
DA:12,1
DA:14,1
DA:17,1
DA:18,1
DA:26,1
DA:27,1
DA:28,1
DA:31,1
DA:32,1
DA:33,1
DA:34,1
DA:36,1
DA:37,1
DA:38,1
DA:39,1
DA:43,1
DA:44,1
DA:45,1
DA:46,1
DA:47,1
DA:48,1
DA:52,1
DA:53,1
DA:54,1
DA:55,0
DA:60,1
DA:61,1
DA:62,1
DA:66,1
DA:67,1
DA:74,18
DA:78,1
DA:80,1
LF:40
LH:39
BRF:0
BRH:0
end_of_record
TN:
SF:src\config\config.js
FNF:0
FNH:0
DA:1,1
DA:3,1
LF:2
LH:2
BRF:0
BRH:0
end_of_record
TN:
SF:src\config\database.ts
FN:9,(anonymous_1)
FN:40,(anonymous_2)
FN:44,(anonymous_3)
FNF:3
FNH:2
FNDA:15,(anonymous_1)
FNDA:1,(anonymous_2)
FNDA:0,(anonymous_3)
DA:1,1
DA:5,1
DA:9,16
DA:13,1
DA:14,1
DA:15,1
DA:16,1
DA:17,1
DA:19,1
DA:20,1
DA:21,1
DA:22,1
DA:23,1
DA:24,1
DA:26,1
DA:38,1
DA:41,1
DA:45,0
DA:49,1
DA:51,1
LF:20
LH:19
BRDA:19,0,0,1
BRDA:19,0,1,0
BRF:2
BRH:1
end_of_record
TN:
SF:src\config\logger.ts
FN:41,(anonymous_6)
FNF:1
FNH:1
FNDA:18,(anonymous_6)
DA:1,1
DA:2,1
DA:8,1
DA:35,1
DA:45,18
DA:66,18
DA:71,1
LF:7
LH:7
BRF:0
BRH:0
end_of_record
TN:
SF:src\controllers\notes.controller.ts
FN:9,(anonymous_8)
FN:18,(anonymous_9)
FN:22,(anonymous_10)
FN:41,(anonymous_11)
FN:45,(anonymous_12)
FN:66,(anonymous_13)
FN:70,(anonymous_14)
FN:89,(anonymous_15)
FN:93,(anonymous_16)
FN:112,(anonymous_17)
FN:116,(anonymous_18)
FN:135,(anonymous_19)
FN:139,(anonymous_20)
FN:158,(anonymous_21)
FN:162,(anonymous_22)
FNF:15
FNH:15
FNDA:1,(anonymous_8)
FNDA:1,(anonymous_9)
FNDA:1,(anonymous_10)
FNDA:1,(anonymous_11)
FNDA:1,(anonymous_12)
FNDA:1,(anonymous_13)
FNDA:1,(anonymous_14)
FNDA:1,(anonymous_15)
FNDA:1,(anonymous_16)
FNDA:1,(anonymous_17)
FNDA:1,(anonymous_18)
FNDA:1,(anonymous_19)
FNDA:1,(anonymous_20)
FNDA:1,(anonymous_21)
FNDA:1,(anonymous_22)
DA:2,1
DA:3,1
DA:10,1
DA:18,1
DA:22,1
DA:23,1
DA:24,1
DA:25,1
DA:31,0
DA:41,1
DA:45,1
DA:46,1
DA:47,1
DA:48,1
DA:54,0
DA:66,1
DA:70,1
DA:71,1
DA:72,1
DA:73,1
DA:79,0
DA:89,1
DA:93,1
DA:94,1
DA:95,1
DA:96,1
DA:102,0
DA:112,1
DA:116,1
DA:117,1
DA:118,1
DA:119,1
DA:125,0
DA:135,1
DA:139,1
DA:140,1
DA:141,1
DA:142,1
DA:148,0
DA:158,1
DA:162,1
DA:163,1
DA:164,1
DA:165,1
DA:171,0
DA:177,1
LF:46
LH:39
BRF:0
BRH:0
end_of_record
TN:
SF:src\controllers\user.controller.ts
FN:9,(anonymous_8)
FN:18,(anonymous_9)
FN:22,(anonymous_10)
FN:41,(anonymous_11)
FN:45,(anonymous_12)
FN:64,(anonymous_13)
FN:68,(anonymous_14)
FN:87,(anonymous_15)
FN:91,(anonymous_16)
FN:110,(anonymous_17)
FN:114,(anonymous_18)
FN:133,(anonymous_19)
FN:137,(anonymous_20)
FN:156,(anonymous_21)
FN:160,(anonymous_22)
FN:179,(anonymous_23)
FN:183,(anonymous_24)
FNF:17
FNH:17
FNDA:1,(anonymous_8)
FNDA:3,(anonymous_9)
FNDA:3,(anonymous_10)
FNDA:2,(anonymous_11)
FNDA:2,(anonymous_12)
FNDA:1,(anonymous_13)
FNDA:1,(anonymous_14)
FNDA:1,(anonymous_15)
FNDA:1,(anonymous_16)
FNDA:1,(anonymous_17)
FNDA:1,(anonymous_18)
FNDA:1,(anonymous_19)
FNDA:1,(anonymous_20)
FNDA:1,(anonymous_21)
FNDA:1,(anonymous_22)
FNDA:1,(anonymous_23)
FNDA:1,(anonymous_24)
DA:2,1
DA:3,1
DA:10,1
DA:18,1
DA:22,3
DA:23,3
DA:24,3
DA:25,3
DA:31,0
DA:41,1
DA:45,2
DA:46,2
DA:47,2
DA:48,2
DA:54,0
DA:64,1
DA:68,1
DA:69,1
DA:70,1
DA:71,1
DA:77,0
DA:87,1
DA:91,1
DA:92,1
DA:93,1
DA:94,1
DA:100,0
DA:110,1
DA:114,1
DA:115,1
DA:116,1
DA:117,1
DA:123,0
DA:133,1
DA:137,1
DA:138,1
DA:139,1
DA:140,1
DA:146,0
DA:156,1
DA:160,1
DA:161,1
DA:162,1
DA:163,1
DA:169,0
DA:179,1
DA:183,1
DA:184,1
DA:185,1
DA:186,1
DA:192,0
DA:198,1
LF:52
LH:44
BRF:0
BRH:0
end_of_record
TN:
SF:src\middlewares\auth.middleware.ts
FN:17,(anonymous_8)
FN:21,(anonymous_9)
FN:49,(anonymous_10)
FN:53,(anonymous_11)
FNF:4
FNH:4
FNDA:11,(anonymous_8)
FNDA:11,(anonymous_9)
FNDA:1,(anonymous_10)
FNDA:1,(anonymous_11)
DA:2,1
DA:5,1
DA:6,1
DA:7,1
DA:17,1
DA:21,11
DA:22,11
DA:23,11
DA:24,11
DA:25,0
DA:29,11
DA:31,11
DA:32,11
DA:33,11
DA:36,0
DA:49,1
DA:53,1
DA:54,1
DA:55,1
DA:56,1
DA:57,0
DA:61,1
DA:63,1
DA:64,1
DA:65,1
DA:68,0
LF:26
LH:22
BRDA:24,0,0,0
BRDA:24,0,1,11
BRDA:56,1,0,0
BRDA:56,1,1,1
BRF:4
BRH:2
end_of_record
TN:
SF:src\middlewares\error.middleware.ts
FN:12,(anonymous_1)
FN:22,(anonymous_2)
FN:39,(anonymous_3)
FN:71,(anonymous_4)
FNF:4
FNH:1
FNDA:1,(anonymous_1)
FNDA:0,(anonymous_2)
FNDA:0,(anonymous_3)
FNDA:0,(anonymous_4)
DA:5,1
DA:6,1
DA:13,1
DA:22,1
DA:23,0
DA:39,1
DA:45,0
DA:46,0
DA:53,0
DA:58,0
DA:71,1
DA:77,0
DA:85,0
DA:93,1
LF:14
LH:7
BRDA:45,0,0,0
BRDA:45,0,1,0
BRDA:45,1,0,0
BRDA:45,1,1,0
BRF:4
BRH:0
end_of_record
TN:
SF:src\models\notes.ts
FN:4,(anonymous_0)
FNF:1
FNH:1
FNDA:8,(anonymous_0)
DA:2,1
DA:4,1
DA:13,8
DA:47,8
LF:4
LH:4
BRF:0
BRH:0
end_of_record
TN:
SF:src\models\user.ts
FN:8,(anonymous_7)
FN:23,(anonymous_8)
FN:66,(anonymous_9)
FN:66,(anonymous_10)
FN:71,(anonymous_11)
FN:71,(anonymous_12)
FNF:6
FNH:5
FNDA:7,(anonymous_7)
FNDA:0,(anonymous_8)
FNDA:4,(anonymous_9)
FNDA:4,(anonymous_10)
FNDA:5,(anonymous_11)
FNDA:5,(anonymous_12)
DA:4,1
DA:6,1
DA:8,1
DA:27,7
DA:66,4
DA:67,4
DA:68,4
DA:71,5
DA:72,5
DA:73,2
DA:81,7
LF:11
LH:11
BRDA:67,0,0,4
BRDA:67,0,1,0
BRDA:72,1,0,2
BRDA:72,1,1,3
BRF:4
BRH:3
end_of_record
TN:
SF:src\routes\index.ts
FN:11,(anonymous_1)
FN:13,(anonymous_2)
FNF:2
FNH:1
FNDA:1,(anonymous_1)
FNDA:0,(anonymous_2)
DA:1,1
DA:2,1
DA:4,1
DA:5,1
DA:11,1
DA:13,1
DA:14,0
DA:17,1
DA:19,1
DA:21,1
DA:24,1
LF:11
LH:10
BRF:0
BRH:0
end_of_record
TN:
SF:src\routes\notes.routes.ts
FN:11,(anonymous_1)
FN:15,(anonymous_2)
FN:35,(anonymous_3)
FNF:3
FNH:3
FNDA:1,(anonymous_1)
FNDA:1,(anonymous_2)
FNDA:1,(anonymous_3)
DA:1,1
DA:2,1
DA:3,1
DA:4,1
DA:7,1
DA:8,1
DA:9,1
DA:12,1
DA:15,1
DA:17,1
DA:19,1
DA:21,1
DA:25,1
DA:27,1
DA:29,1
DA:31,1
DA:35,1
DA:36,1
DA:40,1
LF:19
LH:19
BRF:0
BRH:0
end_of_record
TN:
SF:src\routes\user.route.ts
FN:11,(anonymous_1)
FN:15,(anonymous_2)
FN:39,(anonymous_3)
FNF:3
FNH:3
FNDA:1,(anonymous_1)
FNDA:1,(anonymous_2)
FNDA:1,(anonymous_3)
DA:1,1
DA:2,1
DA:3,1
DA:4,1
DA:7,1
DA:8,1
DA:9,1
DA:12,1
DA:15,1
DA:17,1
DA:19,1
DA:21,1
DA:23,1
DA:25,1
DA:27,1
DA:31,1
DA:33,1
DA:39,1
DA:40,1
DA:44,1
LF:20
LH:20
BRF:0
BRH:0
end_of_record
TN:
SF:src\services\notes.service.ts
FN:4,(anonymous_14)
FN:8,(anonymous_15)
FN:8,(anonymous_16)
FN:17,(anonymous_17)
FN:17,(anonymous_18)
FN:26,(anonymous_19)
FN:26,(anonymous_20)
FN:36,(anonymous_21)
FN:36,(anonymous_22)
FN:38,(anonymous_23)
FN:57,(anonymous_24)
FN:57,(anonymous_25)
FN:81,(anonymous_26)
FN:81,(anonymous_27)
FN:108,(anonymous_28)
FN:108,(anonymous_29)
FNF:16
FNH:16
FNDA:8,(anonymous_14)
FNDA:2,(anonymous_15)
FNDA:2,(anonymous_16)
FNDA:2,(anonymous_17)
FNDA:2,(anonymous_18)
FNDA:2,(anonymous_19)
FNDA:2,(anonymous_20)
FNDA:2,(anonymous_21)
FNDA:2,(anonymous_22)
FNDA:5,(anonymous_23)
FNDA:2,(anonymous_24)
FNDA:2,(anonymous_25)
FNDA:2,(anonymous_26)
FNDA:2,(anonymous_27)
FNDA:2,(anonymous_28)
FNDA:2,(anonymous_29)
DA:1,1
DA:2,1
DA:6,8
DA:8,8
DA:9,2
DA:10,2
DA:11,1
DA:13,1
DA:17,8
DA:18,2
DA:19,2
DA:20,2
DA:22,0
DA:26,8
DA:27,2
DA:28,2
DA:29,2
DA:30,1
DA:32,1
DA:36,8
DA:37,2
DA:38,2
DA:39,5
DA:40,4
DA:42,5
DA:44,2
DA:48,1
DA:49,0
DA:51,1
DA:53,1
DA:57,8
DA:58,2
DA:59,2
DA:60,2
DA:61,2
DA:62,2
DA:63,1
DA:65,1
DA:66,1
DA:67,1
DA:71,0
DA:75,1
DA:77,0
DA:81,8
DA:82,2
DA:83,2
DA:84,2
DA:85,2
DA:86,2
DA:87,1
DA:89,1
DA:90,1
DA:94,0
DA:99,1
DA:100,0
DA:102,1
DA:104,1
DA:108,8
DA:109,2
DA:110,2
DA:113,2
DA:114,1
DA:116,1
DA:119,0
DA:124,1
LF:65
LH:58
BRDA:39,0,0,4
BRDA:39,0,1,1
BRDA:48,1,0,0
BRDA:48,1,1,1
BRDA:62,2,0,1
BRDA:62,2,1,1
BRDA:65,3,0,1
BRDA:65,3,1,0
BRDA:86,4,0,1
BRDA:86,4,1,1
BRDA:89,5,0,1
BRDA:89,5,1,0
BRDA:99,6,0,0
BRDA:99,6,1,1
BRDA:113,7,0,1
BRDA:113,7,1,1
BRF:16
BRH:12
end_of_record
TN:
SF:src\services\user.service.ts
FN:7,(anonymous_14)
FN:11,(anonymous_15)
FN:11,(anonymous_16)
FN:20,(anonymous_17)
FN:20,(anonymous_18)
FN:34,(anonymous_19)
FN:34,(anonymous_20)
FN:44,(anonymous_21)
FN:44,(anonymous_22)
FN:46,(anonymous_23)
FN:63,(anonymous_24)
FN:63,(anonymous_25)
FN:76,(anonymous_26)
FN:76,(anonymous_27)
FN:93,(anonymous_28)
FN:93,(anonymous_29)
FNF:16
FNH:16
FNDA:7,(anonymous_14)
FNDA:4,(anonymous_15)
FNDA:4,(anonymous_16)
FNDA:3,(anonymous_17)
FNDA:3,(anonymous_18)
FNDA:2,(anonymous_19)
FNDA:2,(anonymous_20)
FNDA:3,(anonymous_21)
FNDA:3,(anonymous_22)
FNDA:7,(anonymous_23)
FNDA:1,(anonymous_24)
FNDA:1,(anonymous_25)
FNDA:2,(anonymous_26)
FNDA:2,(anonymous_27)
FNDA:2,(anonymous_28)
FNDA:2,(anonymous_29)
DA:1,1
DA:2,1
DA:3,1
DA:4,1
DA:5,1
DA:8,7
DA:9,7
DA:11,7
DA:12,4
DA:13,4
DA:14,3
DA:16,1
DA:20,7
DA:21,3
DA:22,3
DA:23,3
DA:24,2
DA:25,2
DA:27,1
DA:30,0
DA:34,7
DA:35,2
DA:36,2
DA:37,2
DA:40,0
DA:44,7
DA:45,3
DA:46,3
DA:47,7
DA:48,5
DA:50,7
DA:52,3
DA:56,3
DA:58,0
DA:63,7
DA:64,1
DA:65,1
DA:68,1
DA:70,0
DA:76,7
DA:77,2
DA:78,2
DA:79,2
DA:80,2
DA:81,2
DA:82,2
DA:84,0
DA:88,0
DA:93,7
DA:94,2
DA:95,2
DA:96,2
DA:98,0
DA:104,1
LF:54
LH:47
BRDA:23,0,0,2
BRDA:23,0,1,1
BRDA:23,1,0,3
BRDA:23,1,1,3
BRDA:47,2,0,5
BRDA:47,2,1,2
BRDA:80,3,0,2
BRDA:80,3,1,0
BRF:8
BRH:7
end_of_record
TN:
SF:src\utils\user.util.ts
FN:5,(anonymous_8)
FN:10,(anonymous_10)
FNF:2
FNH:2
FNDA:4,(anonymous_8)
FNDA:12,(anonymous_10)
DA:1,1
DA:3,1
DA:6,4
DA:7,4
DA:11,12
DA:12,12
LF:6
LH:6
BRF:0
BRH:0
end_of_record
TN:
SF:src\validators\notes.validator.ts
FN:4,(anonymous_1)
FN:5,(anonymous_2)
FNF:2
FNH:2
FNDA:1,(anonymous_1)
FNDA:1,(anonymous_2)
DA:1,1
DA:5,1
DA:6,1
DA:19,1
DA:23,1
DA:24,1
DA:25,0
DA:31,1
DA:32,1
DA:33,0
DA:35,1
DA:51,1
LF:12
LH:10
BRDA:24,0,0,0
BRDA:24,0,1,1
BRDA:32,1,0,0
BRDA:32,1,1,1
BRF:4
BRH:2
end_of_record
TN:
SF:src\validators\user.validator.ts
FN:4,(anonymous_1)
FN:5,(anonymous_2)
FN:22,(anonymous_3)
FN:34,(anonymous_4)
FNF:4
FNH:4
FNDA:1,(anonymous_1)
FNDA:3,(anonymous_2)
FNDA:2,(anonymous_3)
FNDA:1,(anonymous_4)
DA:1,1
DA:5,1
DA:6,3
DA:15,3
DA:16,3
DA:17,0
DA:19,3
DA:22,1
DA:23,2
DA:27,2
DA:28,2
DA:29,0
DA:31,2
DA:34,1
DA:35,1
DA:44,1
DA:45,1
DA:46,0
DA:48,1
DA:52,1
LF:20
LH:17
BRDA:16,0,0,0
BRDA:16,0,1,3
BRDA:28,1,0,0
BRDA:28,1,1,2
BRDA:45,2,0,0
BRDA:45,2,1,1
BRF:6
BRH:3
end_of_record
